0001_0063_0004_0027_0027.jpg 1 63 4 27 27
0002_0017_0014_0025_0025.jpg 1 17 14 25 25
0003_0035_0013_0030_0030.jpg 1 35 13 30 30
0004_0060_0013_0026_0026.jpg 1 60 13 26 26
0005_0047_0009_0026_0026.jpg 1 47 9 26 26
0006_0063_0012_0028_0028.jpg 1 63 12 28 28
0007_0014_0015_0025_0025.jpg 1 14 15 25 25
0008_0056_0007_0029_0029.jpg 1 56 7 29 29
0009_0020_0004_0027_0027.jpg 1 20 4 27 27
0010_0029_0008_0031_0031.jpg 1 29 8 31 31
0011_0012_0002_0029_0029.jpg 1 12 2 29 29
0012_0021_0005_0029_0029.jpg 1 21 5 29 29
0013_0055_0014_0027_0027.jpg 1 55 14 27 27
0014_0025_0006_0030_0030.jpg 1 25 6 30 30
0015_0028_0015_0028_0028.jpg 1 28 15 28 28
0016_0060_0012_0029_0029.jpg 1 60 12 29 29
0017_0037_0010_0025_0025.jpg 1 37 10 25 25
0018_0044_0010_0029_0029.jpg 1 44 10 29 29
0019_0008_0010_0029_0029.jpg 1 8 10 29 29
0020_0054_0013_0024_0024.jpg 1 54 13 24 24
0021_0009_0014_0027_0027.jpg 1 9 14 27 27
0022_0018_0005_0024_0024.jpg 1 18 5 24 24
0023_0025_0017_0024_0024.jpg 1 25 17 24 24
0024_0057_0009_0030_0030.jpg 1 57 9 30 30
0025_0009_0002_0031_0031.jpg 1 9 2 31 31
0026_0022_0009_0029_0029.jpg 1 22 9 29 29
0027_0029_0011_0031_0031.jpg 1 29 11 31 31
0028_0014_0010_0030_0030.jpg 1 14 10 30 30
0029_0036_0010_0027_0027.jpg 1 36 10 27 27
0030_0030_0003_0030_0030.jpg 1 30 3 30 30
0031_0052_0008_0026_0026.jpg 1 52 8 26 26
0032_0023_0013_0026_0026.jpg 1 23 13 26 26
0033_0057_0007_0025_0025.jpg 1 57 7 25 25
0034_0025_0006_0031_0031.jpg 1 25 6 31 31
0035_0031_0008_0028_0028.jpg 1 31 8 28 28
0036_0051_0006_0031_0031.jpg 1 51 6 31 31
0037_0059_0012_0024_0024.jpg 1 59 12 24 24
0038_0061_0011_0027_0027.jpg 1 61 11 27 27
0039_0060_0006_0032_0032.jpg 1 60 6 32 32
0040_0015_0008_0026_0026.jpg 1 15 8 26 26
0041_0045_0016_0024_0024.jpg 1 45 16 24 24
0042_0034_0002_0031_0031.jpg 1 34 2 31 31
0043_0058_0012_0029_0029.jpg 1 58 12 29 29
0044_0060_0007_0028_0028.jpg 1 60 7 28 28
0045_0044_0008_0030_0030.jpg 1 44 8 30 30
0046_0011_0007_0028_0028.jpg 1 11 7 28 28
0047_0049_0010_0032_0032.jpg 1 49 10 32 32
0048_0064_0003_0026_0026.jpg 1 64 3 26 26
0049_0033_0016_0026_0026.jpg 1 33 16 26 26
0050_0016_0004_0027_0027.jpg 1 16 4 27 27
0051_0031_0010_0029_0029.jpg 1 31 10 29 29
0052_0044_0010_0024_0024.jpg 1 44 10 24 24
0053_0032_0012_0027_0027.jpg 1 32 12 27 27
0054_0061_0003_0025_0025.jpg 1 61 3 25 25
0055_0034_0013_0029_0029.jpg 1 34 13 29 29
0056_0042_0003_0024_0024.jpg 1 42 3 24 24
0057_0031_0002_0024_0024.jpg 1 31 2 24 24
0058_0018_0009_0025_0025.jpg 1 18 9 25 25
0059_0028_0002_0031_0031.jpg 1 28 2 31 31
0060_0019_0015_0028_0028.jpg 1 19 15 28 28
0061_0053_0017_0025_0025.jpg 1 53 17 25 25
0062_0016_0007_0029_0029.jpg 1 16 7 29 29
0063_0057_0002_0031_0031.jpg 1 57 2 31 31
0064_0058_0010_0027_0027.jpg 1 58 10 27 27
0065_0037_0010_0031_0031.jpg 1 37 10 31 31
0066_0010_0017_0026_0026.jpg 1 10 17 26 26
0067_0036_0002_0027_0027.jpg 1 36 2 27 27
0068_0022_0009_0027_0027.jpg 1 22 9 27 27
0069_0057_0012_0027_0027.jpg 1 57 12 27 27
0070_0053_0005_0025_0025.jpg 1 53 5 25 25
0071_0032_0007_0031_0031.jpg 1 32 7 31 31
0072_0031_0007_0027_0027.jpg 1 31 7 27 27
0073_0007_0011_0031_0031.jpg 1 7 11 31 31
0074_0012_0007_0030_0030.jpg 1 12 7 30 30
0075_0010_0005_0029_0029.jpg 1 10 5 29 29
0076_0010_0016_0025_0025.jpg 1 10 16 25 25
0077_0017_0010_0024_0024.jpg 1 17 10 24 24
0078_0037_0003_0025_0025.jpg 1 37 3 25 25
0079_0015_0003_0026_0026.jpg 1 15 3 26 26
0080_0056_0013_0030_0030.jpg 1 56 13 30 30
0081_0029_0006_0029_0029.jpg 1 29 6 29 29
0082_0017_0009_0026_0026.jpg 1 17 9 26 26
0083_0013_0001_0031_0031.jpg 1 13 1 31 31
0084_0053_0009_0024_0024.jpg 1 53 9 24 24
0085_0051_0012_0029_0029.jpg 1 51 12 29 29
0086_0008_0006_0030_0030.jpg 1 8 6 30 30
0087_0024_0012_0024_0024.jpg 1 24 12 24 24
0088_0037_0009_0030_0030.jpg 1 37 9 30 30
0089_0024_0005_0028_0028.jpg 1 24 5 28 28
0090_0013_0003_0028_0028.jpg 1 13 3 28 28
0091_0012_0005_0032_0032.jpg 1 12 5 32 32
0092_0010_0007_0027_0027.jpg 1 10 7 27 27
0093_0009_0011_0025_0025.jpg 1 9 11 25 25
0094_0059_0019_0024_0024.jpg 1 59 19 24 24
0095_0011_0009_0026_0026.jpg 1 11 9 26 26
0096_0061_0006_0029_0029.jpg 1 61 6 29 29
0097_0025_0009_0028_0028.jpg 1 25 9 28 28
0098_0039_0014_0025_0025.jpg 1 39 14 25 25
0099_0052_0006_0024_0024.jpg 1 52 6 24 24
0100_0024_0007_0031_0031.jpg 1 24 7 31 31
0101_0007_0010_0025_0025.jpg 1 7 10 25 25
0102_0023_0002_0030_0030.jpg 1 23 2 30 30
0103_0049_0004_0032_0032.jpg 1 49 4 32 32
0104_0024_0004_0031_0031.jpg 1 24 4 31 31
0105_0039_0015_0024_0024.jpg 1 39 15 24 24
0106_0021_0004_0030_0030.jpg 1 21 4 30 30
0107_0007_0010_0031_0031.jpg 1 7 10 31 31
0108_0018_0006_0027_0027.jpg 1 18 6 27 27
0109_0018_0008_0029_0029.jpg 1 18 8 29 29
0110_0062_0004_0030_0030.jpg 1 62 4 30 30
0111_0051_0013_0029_0029.jpg 1 51 13 29 29
0112_0035_0009_0027_0027.jpg 1 35 9 27 27
0113_0034_0006_0024_0024.jpg 1 34 6 24 24
0114_0033_0007_0028_0028.jpg 1 33 7 28 28
0115_0045_0016_0024_0024.jpg 1 45 16 24 24
0116_0025_0015_0026_0026.jpg 1 25 15 26 26
0117_0015_0016_0024_0024.jpg 1 15 16 24 24
0118_0013_0012_0030_0030.jpg 1 13 12 30 30
0119_0058_0009_0026_0026.jpg 1 58 9 26 26
0120_0036_0002_0025_0025.jpg 1 36 2 25 25
0121_0030_0002_0030_0030.jpg 1 30 2 30 30
0122_0049_0007_0030_0030.jpg 1 49 7 30 30
0123_0053_0012_0027_0027.jpg 1 53 12 27 27
0124_0014_0006_0027_0027.jpg 1 14 6 27 27
0125_0051_0002_0031_0031.jpg 1 51 2 31 31
0126_0054_0013_0025_0025.jpg 1 54 13 25 25
0127_0025_0009_0031_0031.jpg 1 25 9 31 31
0128_0056_0010_0024_0024.jpg 1 56 10 24 24
0129_0010_0011_0030_0030.jpg 1 10 11 30 30
0130_0048_0004_0029_0029.jpg 1 48 4 29 29
0131_0046_0006_0025_0025.jpg 1 46 6 25 25
0132_0051_0011_0025_0025.jpg 1 51 11 25 25
0133_0047_0011_0030_0030.jpg 1 47 11 30 30
0134_0046_0008_0029_0029.jpg 1 46 8 29 29
0135_0038_0003_0024_0024.jpg 1 38 3 24 24
0136_0014_0003_0031_0031.jpg 1 14 3 31 31
0137_0052_0006_0028_0028.jpg 1 52 6 28 28
0138_0028_0007_0024_0024.jpg 1 28 7 24 24
0139_0018_0011_0029_0029.jpg 1 18 11 29 29
0140_0051_0009_0024_0024.jpg 1 51 9 24 24
0141_0052_0013_0031_0031.jpg 1 52 13 31 31
0142_0020_0011_0028_0028.jpg 1 20 11 28 28
0143_0048_0002_0029_0029.jpg 1 48 2 29 29
0144_0021_0011_0024_0024.jpg 1 21 11 24 24
0145_0053_0011_0031_0031.jpg 1 53 11 31 31
0146_0035_0015_0028_0028.jpg 1 35 15 28 28
0147_0056_0012_0026_0026.jpg 1 56 12 26 26
0148_0020_0008_0031_0031.jpg 1 20 8 31 31
0149_0029_0017_0025_0025.jpg 1 29 17 25 25
0150_0048_0012_0025_0025.jpg 1 48 12 25 25
0151_0060_0003_0026_0026.jpg 1 60 3 26 26
0152_0055_0011_0026_0026.jpg 1 55 11 26 26
0153_0019_0003_0029_0029.jpg 1 19 3 29 29
0154_0025_0013_0025_0025.jpg 1 25 13 25 25
0155_0007_0008_0030_0030.jpg 1 7 8 30 30
0156_0036_0015_0028_0028.jpg 1 36 15 28 28
0157_0039_0014_0028_0028.jpg 1 39 14 28 28
0158_0057_0012_0030_0030.jpg 1 57 12 30 30
0159_0015_0011_0026_0026.jpg 1 15 11 26 26
0160_0015_0013_0030_0030.jpg 1 15 13 30 30
0161_0028_0013_0024_0024.jpg 1 28 13 24 24
0162_0030_0011_0029_0029.jpg 1 30 11 29 29
0163_0050_0009_0030_0030.jpg 1 50 9 30 30
0164_0027_0017_0024_0024.jpg 1 27 17 24 24
0165_0066_0002_0025_0025.jpg 1 66 2 25 25
0166_0033_0017_0026_0026.jpg 1 33 17 26 26
0167_0047_0002_0031_0031.jpg 1 47 2 31 31
0168_0044_0017_0025_0025.jpg 1 44 17 25 25
0169_0058_0005_0024_0024.jpg 1 58 5 24 24
0170_0037_0013_0025_0025.jpg 1 37 13 25 25
0171_0061_0004_0025_0025.jpg 1 61 4 25 25
0172_0041_0013_0029_0029.jpg 1 41 13 29 29
0173_0024_0010_0030_0030.jpg 1 24 10 30 30
0174_0057_0003_0032_0032.jpg 1 57 3 32 32
0175_0048_0004_0026_0026.jpg 1 48 4 26 26
0176_0033_0009_0028_0028.jpg 1 33 9 28 28
0177_0054_0014_0026_0026.jpg 1 54 14 26 26
0178_0026_0019_0024_0024.jpg 1 26 19 24 24
0179_0023_0009_0031_0031.jpg 1 23 9 31 31
0180_0032_0010_0026_0026.jpg 1 32 10 26 26
0181_0034_0013_0029_0029.jpg 1 34 13 29 29
0182_0028_0005_0024_0024.jpg 1 28 5 24 24
0183_0046_0016_0024_0024.jpg 1 46 16 24 24
0184_0031_0004_0031_0031.jpg 1 31 4 31 31
0185_0014_0009_0032_0032.jpg 1 14 9 32 32
0186_0017_0011_0028_0028.jpg 1 17 11 28 28
0187_0065_0007_0024_0024.jpg 1 65 7 24 24
0188_0031_0015_0026_0026.jpg 1 31 15 26 26
0189_0048_0010_0026_0026.jpg 1 48 10 26 26
0190_0037_0011_0024_0024.jpg 1 37 11 24 24
0191_0057_0005_0028_0028.jpg 1 57 5 28 28
0192_0021_0002_0030_0030.jpg 1 21 2 30 30
0193_0048_0013_0027_0027.jpg 1 48 13 27 27
0194_0067_0015_0024_0024.jpg 1 67 15 24 24
0195_0022_0009_0028_0028.jpg 1 22 9 28 28
0196_0012_0013_0025_0025.jpg 1 12 13 25 25
0197_0013_0015_0027_0027.jpg 1 13 15 27 27
0198_0011_0010_0024_0024.jpg 1 11 10 24 24
0199_0014_0012_0024_0024.jpg 1 14 12 24 24
0200_0015_0013_0027_0027.jpg 1 15 13 27 27
0201_0029_0006_0031_0031.jpg 1 29 6 31 31
0202_0011_0009_0028_0028.jpg 1 11 9 28 28
0203_0056_0014_0025_0025.jpg 1 56 14 25 25
0204_0062_0002_0026_0026.jpg 1 62 2 26 26
0205_0007_0001_0028_0028.jpg 1 7 1 28 28
0206_0041_0004_0031_0031.jpg 1 41 4 31 31
0207_0036_0002_0028_0028.jpg 1 36 2 28 28
0208_0056_0002_0026_0026.jpg 1 56 2 26 26
0209_0052_0011_0030_0030.jpg 1 52 11 30 30
0210_0010_0005_0031_0031.jpg 1 10 5 31 31
0211_0035_0009_0025_0025.jpg 1 35 9 25 25
0212_0063_0002_0024_0024.jpg 1 63 2 24 24
0213_0018_0003_0031_0031.jpg 1 18 3 31 31
0214_0062_0013_0030_0030.jpg 1 62 13 30 30
0215_0033_0012_0029_0029.jpg 1 33 12 29 29
0216_0051_0007_0028_0028.jpg 1 51 7 28 28
0217_0021_0012_0026_0026.jpg 1 21 12 26 26
0218_0054_0011_0031_0031.jpg 1 54 11 31 31
0219_0054_0011_0025_0025.jpg 1 54 11 25 25
0220_0023_0006_0030_0030.jpg 1 23 6 30 30
0221_0041_0006_0027_0027.jpg 1 41 6 27 27
0222_0060_0005_0029_0029.jpg 1 60 5 29 29
0223_0036_0013_0024_0024.jpg 1 36 13 24 24
0224_0058_0003_0028_0028.jpg 1 58 3 28 28
0225_0014_0013_0027_0027.jpg 1 14 13 27 27
0226_0009_0010_0027_0027.jpg 1 9 10 27 27
0227_0040_0008_0024_0024.jpg 1 40 8 24 24
0228_0050_0008_0031_0031.jpg 1 50 8 31 31
0229_0028_0013_0027_0027.jpg 1 28 13 27 27
0230_0016_0002_0031_0031.jpg 1 16 2 31 31
0231_0037_0012_0025_0025.jpg 1 37 12 25 25
0232_0048_0002_0031_0031.jpg 1 48 2 31 31
0233_0037_0002_0027_0027.jpg 1 37 2 27 27
0234_0018_0011_0025_0025.jpg 1 18 11 25 25
0235_0036_0006_0024_0024.jpg 1 36 6 24 24
0236_0061_0008_0029_0029.jpg 1 61 8 29 29
0237_0029_0010_0029_0029.jpg 1 29 10 29 29
0238_0054_0005_0025_0025.jpg 1 54 5 25 25
0239_0024_0017_0026_0026.jpg 1 24 17 26 26
0240_0011_0003_0028_0028.jpg 1 11 3 28 28
0241_0025_0004_0024_0024.jpg 1 25 4 24 24
0242_0016_0018_0025_0025.jpg 1 16 18 25 25
0243_0030_0013_0029_0029.jpg 1 30 13 29 29
0244_0062_0008_0027_0027.jpg 1 62 8 27 27
0245_0048_0010_0031_0031.jpg 1 48 10 31 31
0246_0013_0002_0028_0028.jpg 1 13 2 28 28
0247_0037_0008_0026_0026.jpg 1 37 8 26 26
0248_0064_0015_0028_0028.jpg 1 64 15 28 28
0249_0055_0011_0030_0030.jpg 1 55 11 30 30
0250_0037_0012_0024_0024.jpg 1 37 12 24 24
0251_0038_0008_0026_0026.jpg 1 38 8 26 26
0252_0026_0003_0027_0027.jpg 1 26 3 27 27
0253_0036_0016_0025_0025.jpg 1 36 16 25 25
0254_0049_0003_0025_0025.jpg 1 49 3 25 25
0255_0059_0010_0029_0029.jpg 1 59 10 29 29
0256_0060_0013_0028_0028.jpg 1 60 13 28 28
0257_0060_0014_0024_0024.jpg 1 60 14 24 24
0258_0009_0005_0030_0030.jpg 1 9 5 30 30
0259_0022_0009_0028_0028.jpg 1 22 9 28 28
0260_0060_0012_0024_0024.jpg 1 60 12 24 24
0261_0062_0013_0024_0024.jpg 1 62 13 24 24
0262_0044_0014_0027_0027.jpg 1 44 14 27 27
0263_0055_0004_0031_0031.jpg 1 55 4 31 31
0264_0021_0009_0026_0026.jpg 1 21 9 26 26
0265_0035_0014_0028_0028.jpg 1 35 14 28 28
0266_0009_0005_0025_0025.jpg 1 9 5 25 25
0267_0031_0014_0024_0024.jpg 1 31 14 24 24
0268_0065_0018_0025_0025.jpg 1 65 18 25 25
0269_0025_0008_0024_0024.jpg 1 25 8 24 24
0270_0056_0003_0028_0028.jpg 1 56 3 28 28
0271_0057_0011_0032_0032.jpg 1 57 11 32 32
0272_0010_0012_0031_0031.jpg 1 10 12 31 31
0273_0052_0016_0027_0027.jpg 1 52 16 27 27
0274_0053_0014_0024_0024.jpg 1 53 14 24 24
0275_0025_0009_0031_0031.jpg 1 25 9 31 31
0276_0035_0007_0029_0029.jpg 1 35 7 29 29
0277_0052_0002_0028_0028.jpg 1 52 2 28 28
0278_0059_0008_0028_0028.jpg 1 59 8 28 28
0279_0051_0002_0028_0028.jpg 1 51 2 28 28
0280_0036_0014_0029_0029.jpg 1 36 14 29 29
0281_0047_0008_0031_0031.jpg 1 47 8 31 31
0282_0039_0009_0026_0026.jpg 1 39 9 26 26
0283_0007_0007_0029_0029.jpg 1 7 7 29 29
0284_0034_0011_0029_0029.jpg 1 34 11 29 29
0285_0029_0002_0029_0029.jpg 1 29 2 29 29
0286_0012_0003_0027_0027.jpg 1 12 3 27 27
0287_0013_0010_0031_0031.jpg 1 13 10 31 31
0288_0040_0004_0027_0027.jpg 1 40 4 27 27
0289_0008_0018_0025_0025.jpg 1 8 18 25 25
0290_0054_0010_0024_0024.jpg 1 54 10 24 24
0291_0046_0011_0031_0031.jpg 1 46 11 31 31
0292_0010_0011_0026_0026.jpg 1 10 11 26 26
0293_0051_0011_0029_0029.jpg 1 51 11 29 29
0294_0061_0013_0027_0027.jpg 1 61 13 27 27
0295_0051_0014_0030_0030.jpg 1 51 14 30 30
0296_0031_0006_0030_0030.jpg 1 31 6 30 30
0297_0016_0015_0026_0026.jpg 1 16 15 26 26
0298_0048_0008_0031_0031.jpg 1 48 8 31 31
0299_0013_0011_0024_0024.jpg 1 13 11 24 24
0300_0036_0010_0028_0028.jpg 1 36 10 28 28
0301_0057_0005_0025_0025.jpg 1 57 5 25 25
0302_0065_0013_0024_0024.jpg 1 65 13 24 24
0303_0013_0014_0028_0028.jpg 1 13 14 28 28
0304_0041_0017_0025_0025.jpg 1 41 17 25 25
0305_0046_0013_0031_0031.jpg 1 46 13 31 31
0306_0018_0011_0025_0025.jpg 1 18 11 25 25
0307_0032_0004_0028_0028.jpg 1 32 4 28 28
0308_0013_0014_0026_0026.jpg 1 13 14 26 26
0309_0034_0004_0024_0024.jpg 1 34 4 24 24
0310_0062_0012_0026_0026.jpg 1 62 12 26 26
0311_0042_0007_0029_0029.jpg 1 42 7 29 29
0312_0023_0006_0029_0029.jpg 1 23 6 29 29
0313_0048_0006_0025_0025.jpg 1 48 6 25 25
0314_0030_0007_0031_0031.jpg 1 30 7 31 31
0315_0007_0006_0030_0030.jpg 1 7 6 30 30
0316_0027_0005_0030_0030.jpg 1 27 5 30 30
0317_0047_0008_0027_0027.jpg 1 47 8 27 27
0318_0030_0004_0029_0029.jpg 1 30 4 29 29
0319_0031_0017_0026_0026.jpg 1 31 17 26 26
0320_0017_0007_0026_0026.jpg 1 17 7 26 26
0321_0029_0008_0030_0030.jpg 1 29 8 30 30
0322_0027_0015_0027_0027.jpg 1 27 15 27 27
0323_0009_0003_0031_0031.jpg 1 9 3 31 31
0324_0051_0004_0032_0032.jpg 1 51 4 32 32
0325_0063_0010_0027_0027.jpg 1 63 10 27 27
0326_0052_0010_0028_0028.jpg 1 52 10 28 28
0327_0048_0003_0029_0029.jpg 1 48 3 29 29
0328_0060_0015_0025_0025.jpg 1 60 15 25 25
0329_0028_0012_0026_0026.jpg 1 28 12 26 26
0330_0038_0007_0031_0031.jpg 1 38 7 31 31
0331_0028_0005_0031_0031.jpg 1 28 5 31 31
0332_0008_0008_0030_0030.jpg 1 8 8 30 30
0333_0056_0014_0027_0027.jpg 1 56 14 27 27
0334_0040_0003_0030_0030.jpg 1 40 3 30 30
0335_0044_0003_0031_0031.jpg 1 44 3 31 31
0336_0015_0004_0029_0029.jpg 1 15 4 29 29
0337_0063_0016_0027_0027.jpg 1 63 16 27 27
0338_0060_0003_0026_0026.jpg 1 60 3 26 26
0339_0064_0009_0025_0025.jpg 1 64 9 25 25
0340_0030_0005_0027_0027.jpg 1 30 5 27 27
0341_0039_0016_0024_0024.jpg 1 39 16 24 24
0342_0048_0004_0029_0029.jpg 1 48 4 29 29
0343_0053_0011_0029_0029.jpg 1 53 11 29 29
0344_0062_0013_0029_0029.jpg 1 62 13 29 29
0345_0007_0002_0031_0031.jpg 1 7 2 31 31
0346_0058_0011_0029_0029.jpg 1 58 11 29 29
0347_0011_0002_0031_0031.jpg 1 11 2 31 31
0348_0036_0006_0025_0025.jpg 1 36 6 25 25
0349_0041_0013_0031_0031.jpg 1 41 13 31 31
0350_0031_0019_0024_0024.jpg 1 31 19 24 24
0351_0021_0007_0024_0024.jpg 1 21 7 24 24
0352_0054_0013_0029_0029.jpg 1 54 13 29 29
0353_0031_0004_0025_0025.jpg 1 31 4 25 25
0354_0027_0012_0030_0030.jpg 1 27 12 30 30
0355_0037_0003_0030_0030.jpg 1 37 3 30 30
0356_0027_0014_0027_0027.jpg 1 27 14 27 27
0357_0009_0013_0029_0029.jpg 1 9 13 29 29
0358_0022_0002_0031_0031.jpg 1 22 2 31 31
0359_0049_0010_0031_0031.jpg 1 49 10 31 31
0360_0038_0006_0030_0030.jpg 1 38 6 30 30
0361_0052_0008_0031_0031.jpg 1 52 8 31 31
0362_0034_0001_0031_0031.jpg 1 34 1 31 31
0363_0044_0007_0027_0027.jpg 1 44 7 27 27
0364_0065_0004_0026_0026.jpg 1 65 4 26 26
0365_0034_0004_0031_0031.jpg 1 34 4 31 31
0366_0020_0004_0029_0029.jpg 1 20 4 29 29
0367_0061_0011_0030_0030.jpg 1 61 11 30 30
0368_0033_0014_0024_0024.jpg 1 33 14 24 24
0369_0051_0008_0028_0028.jpg 1 51 8 28 28
0370_0009_0008_0029_0029.jpg 1 9 8 29 29
0371_0018_0010_0031_0031.jpg 1 18 10 31 31
0372_0013_0007_0029_0029.jpg 1 13 7 29 29
0373_0022_0005_0028_0028.jpg 1 22 5 28 28
0374_0011_0008_0029_0029.jpg 1 11 8 29 29
0375_0029_0009_0027_0027.jpg 1 29 9 27 27
0376_0036_0007_0029_0029.jpg 1 36 7 29 29
0377_0023_0004_0030_0030.jpg 1 23 4 30 30
0378_0017_0011_0029_0029.jpg 1 17 11 29 29
0379_0037_0015_0026_0026.jpg 1 37 15 26 26
0380_0056_0003_0029_0029.jpg 1 56 3 29 29
0381_0014_0011_0025_0025.jpg 1 14 11 25 25
0382_0019_0007_0025_0025.jpg 1 19 7 25 25
0383_0056_0004_0031_0031.jpg 1 56 4 31 31
0384_0013_0003_0027_0027.jpg 1 13 3 27 27
0385_0066_0007_0024_0024.jpg 1 66 7 24 24
0386_0042_0013_0025_0025.jpg 1 42 13 25 25
0387_0052_0002_0031_0031.jpg 1 52 2 31 31
0388_0044_0017_0026_0026.jpg 1 44 17 26 26
0389_0013_0011_0026_0026.jpg 1 13 11 26 26
0390_0007_0003_0024_0024.jpg 1 7 3 24 24
0391_0051_0002_0030_0030.jpg 1 51 2 30 30
0392_0041_0003_0031_0031.jpg 1 41 3 31 31
0393_0060_0005_0024_0024.jpg 1 60 5 24 24
0394_0027_0013_0028_0028.jpg 1 27 13 28 28
0395_0051_0007_0029_0029.jpg 1 51 7 29 29
0396_0049_0013_0027_0027.jpg 1 49 13 27 27
0397_0051_0013_0024_0024.jpg 1 51 13 24 24
0398_0053_0016_0027_0027.jpg 1 53 16 27 27
0399_0042_0007_0031_0031.jpg 1 42 7 31 31
0400_0020_0011_0029_0029.jpg 1 20 11 29 29
0401_0057_0014_0028_0028.jpg 1 57 14 28 28
0402_0046_0015_0026_0026.jpg 1 46 15 26 26
0403_0023_0014_0028_0028.jpg 1 23 14 28 28
0404_0046_0006_0030_0030.jpg 1 46 6 30 30
0405_0060_0007_0031_0031.jpg 1 60 7 31 31
0406_0040_0017_0027_0027.jpg 1 40 17 27 27
0407_0030_0003_0031_0031.jpg 1 30 3 31 31
0408_0041_0012_0027_0027.jpg 1 41 12 27 27
0409_0046_0008_0027_0027.jpg 1 46 8 27 27
0410_0015_0012_0025_0025.jpg 1 15 12 25 25
0411_0047_0006_0027_0027.jpg 1 47 6 27 27
0412_0021_0009_0030_0030.jpg 1 21 9 30 30
0413_0020_0015_0025_0025.jpg 1 20 15 25 25
0414_0038_0015_0027_0027.jpg 1 38 15 27 27
0415_0056_0015_0025_0025.jpg 1 56 15 25 25
0416_0008_0012_0031_0031.jpg 1 8 12 31 31
0417_0055_0004_0028_0028.jpg 1 55 4 28 28
0418_0009_0007_0029_0029.jpg 1 9 7 29 29
0419_0025_0011_0027_0027.jpg 1 25 11 27 27
0420_0038_0006_0028_0028.jpg 1 38 6 28 28
0421_0016_0007_0030_0030.jpg 1 16 7 30 30
0422_0064_0016_0026_0026.jpg 1 64 16 26 26
0423_0029_0010_0030_0030.jpg 1 29 10 30 30
0424_0067_0004_0024_0024.jpg 1 67 4 24 24
0425_0026_0013_0027_0027.jpg 1 26 13 27 27
0426_0043_0002_0027_0027.jpg 1 43 2 27 27
0427_0048_0012_0026_0026.jpg 1 48 12 26 26
0428_0059_0002_0027_0027.jpg 1 59 2 27 27
0429_0026_0008_0026_0026.jpg 1 26 8 26 26
0430_0041_0017_0024_0024.jpg 1 41 17 24 24
0431_0047_0010_0028_0028.jpg 1 47 10 28 28
0432_0047_0007_0027_0027.jpg 1 47 7 27 27
0433_0061_0003_0027_0027.jpg 1 61 3 27 27
0434_0035_0012_0026_0026.jpg 1 35 12 26 26
0435_0035_0010_0031_0031.jpg 1 35 10 31 31
0436_0035_0017_0025_0025.jpg 1 35 17 25 25
0437_0051_0005_0029_0029.jpg 1 51 5 29 29
0438_0054_0009_0031_0031.jpg 1 54 9 31 31
0439_0052_0014_0026_0026.jpg 1 52 14 26 26
0440_0046_0012_0028_0028.jpg 1 46 12 28 28
0441_0039_0007_0025_0025.jpg 1 39 7 25 25
0442_0036_0013_0029_0029.jpg 1 36 13 29 29
0443_0056_0004_0031_0031.jpg 1 56 4 31 31
0444_0023_0010_0030_0030.jpg 1 23 10 30 30
0445_0025_0009_0029_0029.jpg 1 25 9 29 29
0446_0059_0017_0025_0025.jpg 1 59 17 25 25
0447_0039_0012_0027_0027.jpg 1 39 12 27 27
0448_0039_0010_0030_0030.jpg 1 39 10 30 30
0449_0055_0010_0027_0027.jpg 1 55 10 27 27
0450_0041_0012_0026_0026.jpg 1 41 12 26 26
0451_0041_0003_0031_0031.jpg 1 41 3 31 31
0452_0012_0008_0025_0025.jpg 1 12 8 25 25
0453_0068_0014_0024_0024.jpg 1 68 14 24 24
0454_0029_0004_0026_0026.jpg 1 29 4 26 26
0455_0009_0003_0029_0029.jpg 1 9 3 29 29
0456_0020_0019_0024_0024.jpg 1 20 19 24 24
0457_0036_0014_0024_0024.jpg 1 36 14 24 24
0458_0068_0018_0024_0024.jpg 1 68 18 24 24
0459_0032_0010_0030_0030.jpg 1 32 10 30 30
0460_0019_0009_0025_0025.jpg 1 19 9 25 25
0461_0049_0010_0030_0030.jpg 1 49 10 30 30
0462_0054_0006_0032_0032.jpg 1 54 6 32 32
0463_0042_0002_0029_0029.jpg 1 42 2 29 29
0464_0052_0004_0029_0029.jpg 1 52 4 29 29
0465_0056_0012_0026_0026.jpg 1 56 12 26 26
0466_0033_0012_0028_0028.jpg 1 33 12 28 28
0467_0032_0011_0032_0032.jpg 1 32 11 32 32
0468_0047_0011_0024_0024.jpg 1 47 11 24 24
0469_0012_0015_0025_0025.jpg 1 12 15 25 25
0470_0062_0010_0030_0030.jpg 1 62 10 30 30
0471_0023_0014_0028_0028.jpg 1 23 14 28 28
0472_0034_0012_0028_0028.jpg 1 34 12 28 28
0473_0026_0004_0027_0027.jpg 1 26 4 27 27
0474_0045_0007_0031_0031.jpg 1 45 7 31 31
0475_0008_0012_0029_0029.jpg 1 8 12 29 29
0476_0060_0005_0031_0031.jpg 1 60 5 31 31
0477_0015_0007_0029_0029.jpg 1 15 7 29 29
0478_0050_0009_0029_0029.jpg 1 50 9 29 29
0479_0047_0009_0025_0025.jpg 1 47 9 25 25
0480_0039_0006_0029_0029.jpg 1 39 6 29 29
0481_0047_0009_0024_0024.jpg 1 47 9 24 24
0482_0064_0014_0028_0028.jpg 1 64 14 28 28
0483_0019_0011_0028_0028.jpg 1 19 11 28 28
0484_0026_0002_0024_0024.jpg 1 26 2 24 24
0485_0059_0009_0030_0030.jpg 1 59 9 30 30
0486_0049_0010_0032_0032.jpg 1 49 10 32 32
0487_0034_0009_0024_0024.jpg 1 34 9 24 24
0488_0020_0002_0030_0030.jpg 1 20 2 30 30
0489_0058_0010_0030_0030.jpg 1 58 10 30 30
0490_0026_0011_0029_0029.jpg 1 26 11 29 29
0491_0041_0016_0026_0026.jpg 1 41 16 26 26
0492_0058_0014_0025_0025.jpg 1 58 14 25 25
0493_0049_0008_0030_0030.jpg 1 49 8 30 30
0494_0035_0002_0030_0030.jpg 1 35 2 30 30
0495_0039_0009_0028_0028.jpg 1 39 9 28 28
0496_0020_0018_0024_0024.jpg 1 20 18 24 24
0497_0045_0011_0029_0029.jpg 1 45 11 29 29
0498_0050_0002_0029_0029.jpg 1 50 2 29 29
0499_0061_0009_0031_0031.jpg 1 61 9 31 31
0500_0040_0007_0031_0031.jpg 1 40 7 31 31
0501_0027_0017_0024_0024.jpg 1 27 17 24 24
0502_0037_0011_0031_0031.jpg 1 37 11 31 31
0503_0049_0012_0031_0031.jpg 1 49 12 31 31
0504_0024_0012_0029_0029.jpg 1 24 12 29 29
0505_0048_0004_0028_0028.jpg 1 48 4 28 28
0506_0044_0009_0027_0027.jpg 1 44 9 27 27
0507_0044_0014_0027_0027.jpg 1 44 14 27 27
0508_0007_0012_0031_0031.jpg 1 7 12 31 31
0509_0051_0003_0028_0028.jpg 1 51 3 28 28
0510_0026_0013_0031_0031.jpg 1 26 13 31 31
0511_0018_0007_0028_0028.jpg 1 18 7 28 28
0512_0049_0008_0031_0031.jpg 1 49 8 31 31
0513_0050_0003_0024_0024.jpg 1 50 3 24 24
0514_0017_0011_0027_0027.jpg 1 17 11 27 27
0515_0053_0014_0029_0029.jpg 1 53 14 29 29
0516_0013_0011_0025_0025.jpg 1 13 11 25 25
0517_0062_0007_0030_0030.jpg 1 62 7 30 30
0518_0038_0003_0024_0024.jpg 1 38 3 24 24
0519_0057_0008_0031_0031.jpg 1 57 8 31 31
0520_0023_0005_0028_0028.jpg 1 23 5 28 28
0521_0054_0013_0029_0029.jpg 1 54 13 29 29
0522_0065_0003_0025_0025.jpg 1 65 3 25 25
0523_0064_0004_0024_0024.jpg 1 64 4 24 24
0524_0053_0007_0025_0025.jpg 1 53 7 25 25
0525_0020_0010_0031_0031.jpg 1 20 10 31 31
0526_0061_0010_0030_0030.jpg 1 61 10 30 30
0527_0057_0012_0029_0029.jpg 1 57 12 29 29
0528_0024_0009_0028_0028.jpg 1 24 9 28 28
0529_0044_0007_0029_0029.jpg 1 44 7 29 29
0530_0010_0009_0028_0028.jpg 1 10 9 28 28
0531_0054_0005_0027_0027.jpg 1 54 5 27 27
0532_0033_0005_0026_0026.jpg 1 33 5 26 26
0533_0054_0017_0025_0025.jpg 1 54 17 25 25
0534_0016_0009_0028_0028.jpg 1 16 9 28 28
0535_0064_0004_0028_0028.jpg 1 64 4 28 28
0536_0021_0005_0031_0031.jpg 1 21 5 31 31
0537_0058_0002_0031_0031.jpg 1 58 2 31 31
0538_0009_0006_0030_0030.jpg 1 9 6 30 30
0539_0047_0015_0029_0029.jpg 1 47 15 29 29
0540_0059_0005_0026_0026.jpg 1 59 5 26 26
0541_0060_0012_0027_0027.jpg 1 60 12 27 27
0542_0029_0009_0030_0030.jpg 1 29 9 30 30
0543_0024_0008_0025_0025.jpg 1 24 8 25 25
0544_0018_0007_0025_0025.jpg 1 18 7 25 25
0545_0054_0011_0029_0029.jpg 1 54 11 29 29
0546_0044_0013_0031_0031.jpg 1 44 13 31 31
0547_0047_0015_0026_0026.jpg 1 47 15 26 26
0548_0047_0002_0029_0029.jpg 1 47 2 29 29
0549_0011_0008_0031_0031.jpg 1 11 8 31 31
0550_0011_0012_0030_0030.jpg 1 11 12 30 30
0551_0026_0009_0032_0032.jpg 1 26 9 32 32
0552_0056_0011_0025_0025.jpg 1 56 11 25 25
0553_0029_0016_0024_0024.jpg 1 29 16 24 24
0554_0058_0005_0027_0027.jpg 1 58 5 27 27
0555_0064_0008_0028_0028.jpg 1 64 8 28 28
0556_0013_0009_0024_0024.jpg 1 13 9 24 24
0557_0027_0006_0024_0024.jpg 1 27 6 24 24
0558_0026_0011_0030_0030.jpg 1 26 11 30 30
0559_0026_0006_0030_0030.jpg 1 26 6 30 30
0560_0037_0008_0027_0027.jpg 1 37 8 27 27
0561_0013_0009_0032_0032.jpg 1 13 9 32 32
0562_0027_0002_0027_0027.jpg 1 27 2 27 27
0563_0018_0012_0028_0028.jpg 1 18 12 28 28
0564_0041_0017_0025_0025.jpg 1 41 17 25 25
0565_0054_0012_0031_0031.jpg 1 54 12 31 31
0566_0041_0015_0028_0028.jpg 1 41 15 28 28
0567_0057_0015_0027_0027.jpg 1 57 15 27 27
0568_0063_0006_0029_0029.jpg 1 63 6 29 29
0569_0046_0004_0029_0029.jpg 1 46 4 29 29
0570_0052_0013_0029_0029.jpg 1 52 13 29 29
0571_0050_0013_0026_0026.jpg 1 50 13 26 26
0572_0053_0011_0031_0031.jpg 1 53 11 31 31
0573_0039_0003_0025_0025.jpg 1 39 3 25 25
0574_0013_0003_0029_0029.jpg 1 13 3 29 29
0575_0022_0008_0029_0029.jpg 1 22 8 29 29
0576_0025_0009_0025_0025.jpg 1 25 9 25 25
0577_0041_0004_0031_0031.jpg 1 41 4 31 31
0578_0012_0009_0029_0029.jpg 1 12 9 29 29
0579_0047_0008_0030_0030.jpg 1 47 8 30 30
0580_0025_0013_0029_0029.jpg 1 25 13 29 29
0581_0036_0006_0031_0031.jpg 1 36 6 31 31
0582_0024_0012_0031_0031.jpg 1 24 12 31 31
0583_0044_0012_0027_0027.jpg 1 44 12 27 27
0584_0031_0006_0025_0025.jpg 1 31 6 25 25
0585_0010_0002_0030_0030.jpg 1 10 2 30 30
0586_0038_0013_0024_0024.jpg 1 38 13 24 24
0587_0019_0017_0025_0025.jpg 1 19 17 25 25
0588_0044_0011_0031_0031.jpg 1 44 11 31 31
0589_0011_0014_0029_0029.jpg 1 11 14 29 29
0590_0016_0013_0026_0026.jpg 1 16 13 26 26
0591_0023_0018_0024_0024.jpg 1 23 18 24 24
0592_0035_0012_0027_0027.jpg 1 35 12 27 27
0593_0025_0010_0024_0024.jpg 1 25 10 24 24
0594_0054_0004_0032_0032.jpg 1 54 4 32 32
0595_0013_0003_0025_0025.jpg 1 13 3 25 25
0596_0053_0014_0029_0029.jpg 1 53 14 29 29
0597_0048_0008_0025_0025.jpg 1 48 8 25 25
0598_0040_0003_0030_0030.jpg 1 40 3 30 30
0599_0052_0003_0025_0025.jpg 1 52 3 25 25
0600_0009_0004_0029_0029.jpg 1 9 4 29 29
0601_0011_0009_0026_0026.jpg 1 11 9 26 26
0602_0017_0001_0030_0030.jpg 1 17 1 30 30
0603_0017_0011_0024_0024.jpg 1 17 11 24 24
0604_0038_0003_0028_0028.jpg 1 38 3 28 28
0605_0066_0016_0026_0026.jpg 1 66 16 26 26
0606_0029_0003_0025_0025.jpg 1 29 3 25 25
0607_0019_0002_0024_0024.jpg 1 19 2 24 24
0608_0043_0013_0026_0026.jpg 1 43 13 26 26
0609_0028_0006_0025_0025.jpg 1 28 6 25 25
0610_0059_0019_0024_0024.jpg 1 59 19 24 24
0611_0010_0019_0024_0024.jpg 1 10 19 24 24
0612_0045_0017_0025_0025.jpg 1 45 17 25 25
0613_0058_0011_0025_0025.jpg 1 58 11 25 25
0614_0031_0007_0028_0028.jpg 1 31 7 28 28
0615_0007_0007_0029_0029.jpg 1 7 7 29 29
0616_0045_0005_0027_0027.jpg 1 45 5 27 27
0617_0043_0009_0029_0029.jpg 1 43 9 29 29
0618_0012_0016_0024_0024.jpg 1 12 16 24 24
0619_0059_0004_0030_0030.jpg 1 59 4 30 30
0620_0056_0007_0029_0029.jpg 1 56 7 29 29
0621_0056_0010_0030_0030.jpg 1 56 10 30 30
0622_0014_0011_0025_0025.jpg 1 14 11 25 25
0623_0020_0004_0031_0031.jpg 1 20 4 31 31
0624_0034_0014_0030_0030.jpg 1 34 14 30 30
0625_0015_0015_0027_0027.jpg 1 15 15 27 27
0626_0052_0004_0028_0028.jpg 1 52 4 28 28
0627_0008_0017_0026_0026.jpg 1 8 17 26 26
0628_0028_0014_0024_0024.jpg 1 28 14 24 24
0629_0038_0004_0027_0027.jpg 1 38 4 27 27
0630_0044_0009_0030_0030.jpg 1 44 9 30 30
0631_0058_0003_0027_0027.jpg 1 58 3 27 27
0632_0010_0007_0024_0024.jpg 1 10 7 24 24
0633_0046_0011_0031_0031.jpg 1 46 11 31 31
0634_0022_0018_0025_0025.jpg 1 22 18 25 25
0635_0056_0002_0029_0029.jpg 1 56 2 29 29
0636_0014_0018_0025_0025.jpg 1 14 18 25 25
0637_0045_0017_0025_0025.jpg 1 45 17 25 25
0638_0053_0015_0028_0028.jpg 1 53 15 28 28
0639_0047_0002_0028_0028.jpg 1 47 2 28 28
0640_0014_0005_0029_0029.jpg 1 14 5 29 29
0641_0030_0016_0024_0024.jpg 1 30 16 24 24
0642_0030_0003_0031_0031.jpg 1 30 3 31 31
0643_0047_0005_0031_0031.jpg 1 47 5 31 31
0644_0039_0003_0028_0028.jpg 1 39 3 28 28
0645_0011_0011_0030_0030.jpg 1 11 11 30 30
0646_0033_0016_0025_0025.jpg 1 33 16 25 25
0647_0012_0011_0027_0027.jpg 1 12 11 27 27
0648_0027_0009_0027_0027.jpg 1 27 9 27 27
0649_0033_0003_0031_0031.jpg 1 33 3 31 31
0650_0043_0015_0025_0025.jpg 1 43 15 25 25
0651_0041_0003_0028_0028.jpg 1 41 3 28 28
0652_0049_0010_0032_0032.jpg 1 49 10 32 32
0653_0013_0007_0030_0030.jpg 1 13 7 30 30
0654_0061_0011_0026_0026.jpg 1 61 11 26 26
0655_0047_0002_0029_0029.jpg 1 47 2 29 29
0656_0023_0019_0024_0024.jpg 1 23 19 24 24
0657_0045_0010_0029_0029.jpg 1 45 10 29 29
0658_0011_0010_0031_0031.jpg 1 11 10 31 31
0659_0027_0002_0027_0027.jpg 1 27 2 27 27
0660_0031_0001_0029_0029.jpg 1 31 1 29 29
0661_0032_0014_0029_0029.jpg 1 32 14 29 29
0662_0055_0011_0029_0029.jpg 1 55 11 29 29
0663_0065_0015_0027_0027.jpg 1 65 15 27 27
0664_0020_0007_0025_0025.jpg 1 20 7 25 25
0665_0060_0019_0024_0024.jpg 1 60 19 24 24
0666_0053_0014_0025_0025.jpg 1 53 14 25 25
0667_0031_0006_0025_0025.jpg 1 31 6 25 25
0668_0027_0002_0030_0030.jpg 1 27 2 30 30
0669_0034_0013_0028_0028.jpg 1 34 13 28 28
0670_0018_0009_0030_0030.jpg 1 18 9 30 30
0671_0025_0008_0024_0024.jpg 1 25 8 24 24
0672_0028_0002_0029_0029.jpg 1 28 2 29 29
0673_0018_0016_0028_0028.jpg 1 18 16 28 28
0674_0032_0016_0027_0027.jpg 1 32 16 27 27
0675_0021_0014_0029_0029.jpg 1 21 14 29 29
0676_0038_0011_0030_0030.jpg 1 38 11 30 30
0677_0013_0004_0025_0025.jpg 1 13 4 25 25
0678_0058_0005_0027_0027.jpg 1 58 5 27 27
0679_0055_0013_0026_0026.jpg 1 55 13 26 26
0680_0054_0012_0028_0028.jpg 1 54 12 28 28
0681_0061_0010_0024_0024.jpg 1 61 10 24 24
0682_0034_0019_0024_0024.jpg 1 34 19 24 24
0683_0032_0012_0025_0025.jpg 1 32 12 25 25
0684_0029_0010_0025_0025.jpg 1 29 10 25 25
0685_0047_0006_0029_0029.jpg 1 47 6 29 29
0686_0044_0014_0024_0024.jpg 1 44 14 24 24
0687_0008_0001_0031_0031.jpg 1 8 1 31 31
0688_0040_0010_0030_0030.jpg 1 40 10 30 30
0689_0034_0010_0032_0032.jpg 1 34 10 32 32
0690_0033_0011_0025_0025.jpg 1 33 11 25 25
0691_0055_0013_0030_0030.jpg 1 55 13 30 30
0692_0047_0010_0030_0030.jpg 1 47 10 30 30
0693_0030_0013_0028_0028.jpg 1 30 13 28 28
0694_0035_0005_0025_0025.jpg 1 35 5 25 25
0695_0020_0016_0025_0025.jpg 1 20 16 25 25
0696_0010_0003_0024_0024.jpg 1 10 3 24 24
0697_0022_0007_0028_0028.jpg 1 22 7 28 28
0698_0033_0007_0029_0029.jpg 1 33 7 29 29
0699_0026_0004_0026_0026.jpg 1 26 4 26 26
0700_0040_0002_0024_0024.jpg 1 40 2 24 24
0701_0039_0012_0027_0027.jpg 1 39 12 27 27
0702_0027_0015_0025_0025.jpg 1 27 15 25 25
0703_0058_0006_0028_0028.jpg 1 58 6 28 28
0704_0059_0012_0025_0025.jpg 1 59 12 25 25
0705_0054_0006_0029_0029.jpg 1 54 6 29 29
0706_0019_0006_0027_0027.jpg 1 19 6 27 27
0707_0037_0003_0025_0025.jpg 1 37 3 25 25
0708_0056_0004_0027_0027.jpg 1 56 4 27 27
0709_0044_0014_0030_0030.jpg 1 44 14 30 30
0710_0027_0011_0030_0030.jpg 1 27 11 30 30
0711_0049_0011_0032_0032.jpg 1 49 11 32 32
0712_0059_0003_0029_0029.jpg 1 59 3 29 29
0713_0009_0014_0024_0024.jpg 1 9 14 24 24
0714_0055_0005_0027_0027.jpg 1 55 5 27 27
0715_0057_0013_0030_0030.jpg 1 57 13 30 30
0716_0058_0004_0028_0028.jpg 1 58 4 28 28
0717_0063_0013_0027_0027.jpg 1 63 13 27 27
0718_0011_0008_0027_0027.jpg 1 11 8 27 27
0719_0031_0007_0025_0025.jpg 1 31 7 25 25
0720_0058_0005_0031_0031.jpg 1 58 5 31 31
0721_0058_0013_0030_0030.jpg 1 58 13 30 30
0722_0032_0008_0027_0027.jpg 1 32 8 27 27
0723_0033_0015_0026_0026.jpg 1 33 15 26 26
0724_0033_0011_0030_0030.jpg 1 33 11 30 30
0725_0048_0004_0024_0024.jpg 1 48 4 24 24
0726_0019_0014_0024_0024.jpg 1 19 14 24 24
0727_0044_0007_0031_0031.jpg 1 44 7 31 31
0728_0055_0002_0030_0030.jpg 1 55 2 30 30
0729_0053_0002_0028_0028.jpg 1 53 2 28 28
0730_0019_0008_0029_0029.jpg 1 19 8 29 29
0731_0049_0014_0025_0025.jpg 1 49 14 25 25
0732_0060_0006_0028_0028.jpg 1 60 6 28 28
0733_0060_0011_0028_0028.jpg 1 60 11 28 28
0734_0024_0002_0024_0024.jpg 1 24 2 24 24
0735_0037_0008_0024_0024.jpg 1 37 8 24 24
0736_0057_0015_0024_0024.jpg 1 57 15 24 24
0737_0033_0005_0025_0025.jpg 1 33 5 25 25
0738_0020_0007_0029_0029.jpg 1 20 7 29 29
0739_0019_0002_0030_0030.jpg 1 19 2 30 30
0740_0063_0016_0027_0027.jpg 1 63 16 27 27
0741_0026_0011_0031_0031.jpg 1 26 11 31 31
0742_0025_0001_0031_0031.jpg 1 25 1 31 31
0743_0060_0009_0029_0029.jpg 1 60 9 29 29
0744_0025_0001_0029_0029.jpg 1 25 1 29 29
0745_0054_0008_0024_0024.jpg 1 54 8 24 24
0746_0010_0013_0029_0029.jpg 1 10 13 29 29
0747_0051_0002_0030_0030.jpg 1 51 2 30 30
0748_0048_0016_0026_0026.jpg 1 48 16 26 26
0749_0043_0008_0026_0026.jpg 1 43 8 26 26
0750_0008_0002_0028_0028.jpg 1 8 2 28 28
0751_0058_0008_0027_0027.jpg 1 58 8 27 27
0752_0061_0007_0028_0028.jpg 1 61 7 28 28
0753_0063_0003_0024_0024.jpg 1 63 3 24 24
0754_0041_0013_0025_0025.jpg 1 41 13 25 25
0755_0015_0001_0029_0029.jpg 1 15 1 29 29
0756_0020_0007_0025_0025.jpg 1 20 7 25 25
0757_0045_0006_0031_0031.jpg 1 45 6 31 31
0758_0053_0004_0030_0030.jpg 1 53 4 30 30
0759_0048_0006_0029_0029.jpg 1 48 6 29 29
0760_0046_0017_0026_0026.jpg 1 46 17 26 26
0761_0057_0016_0026_0026.jpg 1 57 16 26 26
0762_0052_0009_0030_0030.jpg 1 52 9 30 30
0763_0060_0005_0028_0028.jpg 1 60 5 28 28
0764_0053_0015_0028_0028.jpg 1 53 15 28 28
0765_0010_0008_0032_0032.jpg 1 10 8 32 32
0766_0056_0002_0030_0030.jpg 1 56 2 30 30
0767_0043_0012_0027_0027.jpg 1 43 12 27 27
0768_0036_0007_0030_0030.jpg 1 36 7 30 30
0769_0037_0011_0031_0031.jpg 1 37 11 31 31
0770_0031_0016_0024_0024.jpg 1 31 16 24 24
0771_0039_0007_0032_0032.jpg 1 39 7 32 32
0772_0054_0002_0031_0031.jpg 1 54 2 31 31
0773_0041_0007_0030_0030.jpg 1 41 7 30 30
0774_0026_0009_0031_0031.jpg 1 26 9 31 31
0775_0033_0003_0028_0028.jpg 1 33 3 28 28
0776_0041_0003_0026_0026.jpg 1 41 3 26 26
0777_0035_0012_0031_0031.jpg 1 35 12 31 31
0778_0021_0004_0031_0031.jpg 1 21 4 31 31
0779_0009_0008_0031_0031.jpg 1 9 8 31 31
0780_0033_0003_0026_0026.jpg 1 33 3 26 26
0781_0066_0015_0026_0026.jpg 1 66 15 26 26
0782_0054_0011_0031_0031.jpg 1 54 11 31 31
0783_0048_0007_0030_0030.jpg 1 48 7 30 30
0784_0029_0012_0028_0028.jpg 1 29 12 28 28
0785_0050_0006_0026_0026.jpg 1 50 6 26 26
0786_0029_0009_0027_0027.jpg 1 29 9 27 27
0787_0048_0004_0029_0029.jpg 1 48 4 29 29
0788_0037_0002_0027_0027.jpg 1 37 2 27 27
0789_0056_0012_0030_0030.jpg 1 56 12 30 30
0790_0032_0008_0027_0027.jpg 1 32 8 27 27
0791_0007_0006_0031_0031.jpg 1 7 6 31 31
0792_0064_0008_0026_0026.jpg 1 64 8 26 26
0793_0035_0012_0027_0027.jpg 1 35 12 27 27
0794_0022_0017_0026_0026.jpg 1 22 17 26 26
0795_0030_0013_0029_0029.jpg 1 30 13 29 29
0796_0014_0007_0025_0025.jpg 1 14 7 25 25
0797_0058_0017_0026_0026.jpg 1 58 17 26 26
0798_0038_0009_0030_0030.jpg 1 38 9 30 30
0799_0044_0015_0028_0028.jpg 1 44 15 28 28
0800_0046_0015_0027_0027.jpg 1 46 15 27 27
0801_0049_0014_0030_0030.jpg 1 49 14 30 30
0802_0025_0006_0031_0031.jpg 1 25 6 31 31
0803_0024_0012_0029_0029.jpg 1 24 12 29 29
0804_0055_0005_0029_0029.jpg 1 55 5 29 29
0805_0009_0011_0029_0029.jpg 1 9 11 29 29
0806_0015_0004_0029_0029.jpg 1 15 4 29 29
0807_0017_0012_0025_0025.jpg 1 17 12 25 25
0808_0043_0015_0025_0025.jpg 1 43 15 25 25
0809_0016_0011_0028_0028.jpg 1 16 11 28 28
0810_0045_0004_0030_0030.jpg 1 45 4 30 30
0811_0059_0007_0029_0029.jpg 1 59 7 29 29
0812_0042_0011_0029_0029.jpg 1 42 11 29 29
0813_0040_0013_0026_0026.jpg 1 40 13 26 26
0814_0014_0017_0024_0024.jpg 1 14 17 24 24
0815_0014_0008_0027_0027.jpg 1 14 8 27 27
0816_0046_0010_0025_0025.jpg 1 46 10 25 25
0817_0064_0006_0026_0026.jpg 1 64 6 26 26
0818_0013_0010_0027_0027.jpg 1 13 10 27 27
0819_0035_0013_0031_0031.jpg 1 35 13 31 31
0820_0034_0011_0028_0028.jpg 1 34 11 28 28
0821_0034_0013_0031_0031.jpg 1 34 13 31 31
0822_0025_0002_0029_0029.jpg 1 25 2 29 29
0823_0021_0013_0027_0027.jpg 1 21 13 27 27
0824_0030_0016_0027_0027.jpg 1 30 16 27 27
0825_0041_0004_0031_0031.jpg 1 41 4 31 31
0826_0065_0006_0024_0024.jpg 1 65 6 24 24
0827_0045_0007_0029_0029.jpg 1 45 7 29 29
0828_0024_0014_0027_0027.jpg 1 24 14 27 27
0829_0011_0001_0030_0030.jpg 1 11 1 30 30
0830_0010_0010_0030_0030.jpg 1 10 10 30 30
0831_0013_0015_0024_0024.jpg 1 13 15 24 24
0832_0017_0014_0027_0027.jpg 1 17 14 27 27
0833_0028_0012_0027_0027.jpg 1 28 12 27 27
0834_0061_0018_0025_0025.jpg 1 61 18 25 25
0835_0047_0011_0030_0030.jpg 1 47 11 30 30
0836_0013_0004_0025_0025.jpg 1 13 4 25 25
0837_0025_0014_0027_0027.jpg 1 25 14 27 27
0838_0011_0008_0030_0030.jpg 1 11 8 30 30
0839_0048_0007_0027_0027.jpg 1 48 7 27 27
0840_0038_0016_0024_0024.jpg 1 38 16 24 24
0841_0015_0003_0027_0027.jpg 1 15 3 27 27
0842_0008_0004_0026_0026.jpg 1 8 4 26 26
0843_0009_0014_0025_0025.jpg 1 9 14 25 25
0844_0041_0012_0030_0030.jpg 1 41 12 30 30
0845_0049_0006_0026_0026.jpg 1 49 6 26 26
0846_0057_0003_0027_0027.jpg 1 57 3 27 27
0847_0037_0014_0024_0024.jpg 1 37 14 24 24
0848_0032_0003_0027_0027.jpg 1 32 3 27 27
0849_0014_0004_0027_0027.jpg 1 14 4 27 27
0850_0007_0008_0026_0026.jpg 1 7 8 26 26
0851_0050_0010_0031_0031.jpg 1 50 10 31 31
0852_0040_0018_0025_0025.jpg 1 40 18 25 25
0853_0050_0015_0025_0025.jpg 1 50 15 25 25
0854_0031_0003_0030_0030.jpg 1 31 3 30 30
0855_0012_0002_0029_0029.jpg 1 12 2 29 29
0856_0016_0008_0030_0030.jpg 1 16 8 30 30
0857_0012_0014_0028_0028.jpg 1 12 14 28 28
0858_0017_0010_0030_0030.jpg 1 17 10 30 30
0859_0020_0013_0029_0029.jpg 1 20 13 29 29
0860_0055_0007_0027_0027.jpg 1 55 7 27 27
0861_0015_0012_0024_0024.jpg 1 15 12 24 24
0862_0053_0005_0024_0024.jpg 1 53 5 24 24
0863_0064_0012_0027_0027.jpg 1 64 12 27 27
0864_0011_0006_0027_0027.jpg 1 11 6 27 27
0865_0012_0013_0025_0025.jpg 1 12 13 25 25
0866_0032_0011_0029_0029.jpg 1 32 11 29 29
0867_0030_0013_0026_0026.jpg 1 30 13 26 26
0868_0010_0016_0025_0025.jpg 1 10 16 25 25
0869_0033_0004_0026_0026.jpg 1 33 4 26 26
0870_0050_0010_0024_0024.jpg 1 50 10 24 24
0871_0051_0004_0031_0031.jpg 1 51 4 31 31
0872_0066_0002_0024_0024.jpg 1 66 2 24 24
0873_0041_0012_0031_0031.jpg 1 41 12 31 31
0874_0023_0010_0026_0026.jpg 1 23 10 26 26
0875_0022_0016_0027_0027.jpg 1 22 16 27 27
0876_0026_0011_0027_0027.jpg 1 26 11 27 27
0877_0054_0013_0027_0027.jpg 1 54 13 27 27
0878_0018_0013_0030_0030.jpg 1 18 13 30 30
0879_0061_0008_0025_0025.jpg 1 61 8 25 25
0880_0042_0006_0030_0030.jpg 1 42 6 30 30
0881_0057_0012_0028_0028.jpg 1 57 12 28 28
0882_0057_0007_0025_0025.jpg 1 57 7 25 25
0883_0012_0006_0028_0028.jpg 1 12 6 28 28
0884_0059_0006_0031_0031.jpg 1 59 6 31 31
0885_0026_0005_0027_0027.jpg 1 26 5 27 27
0886_0029_0011_0030_0030.jpg 1 29 11 30 30
0887_0057_0009_0027_0027.jpg 1 57 9 27 27
0888_0028_0002_0029_0029.jpg 1 28 2 29 29
0889_0058_0005_0026_0026.jpg 1 58 5 26 26
0890_0047_0009_0029_0029.jpg 1 47 9 29 29
0891_0031_0004_0026_0026.jpg 1 31 4 26 26
0892_0039_0014_0029_0029.jpg 1 39 14 29 29
0893_0051_0008_0032_0032.jpg 1 51 8 32 32
0894_0032_0012_0031_0031.jpg 1 32 12 31 31
0895_0034_0002_0029_0029.jpg 1 34 2 29 29
0896_0046_0011_0028_0028.jpg 1 46 11 28 28
0897_0021_0018_0024_0024.jpg 1 21 18 24 24
0898_0043_0002_0024_0024.jpg 1 43 2 24 24
0899_0036_0018_0024_0024.jpg 1 36 18 24 24
0900_0035_0006_0025_0025.jpg 1 35 6 25 25
0901_0055_0002_0031_0031.jpg 1 55 2 31 31
0902_0028_0010_0031_0031.jpg 1 28 10 31 31
0903_0020_0014_0028_0028.jpg 1 20 14 28 28
0904_0025_0004_0031_0031.jpg 1 25 4 31 31
0905_0024_0010_0027_0027.jpg 1 24 10 27 27
0906_0044_0008_0027_0027.jpg 1 44 8 27 27
0907_0022_0005_0030_0030.jpg 1 22 5 30 30
0908_0009_0008_0030_0030.jpg 1 9 8 30 30
0909_0055_0005_0029_0029.jpg 1 55 5 29 29
0910_0008_0013_0026_0026.jpg 1 8 13 26 26
0911_0053_0004_0025_0025.jpg 1 53 4 25 25
0912_0049_0010_0028_0028.jpg 1 49 10 28 28
0913_0044_0019_0024_0024.jpg 1 44 19 24 24
0914_0057_0012_0031_0031.jpg 1 57 12 31 31
0915_0046_0003_0030_0030.jpg 1 46 3 30 30
0916_0039_0005_0032_0032.jpg 1 39 5 32 32
0917_0059_0008_0025_0025.jpg 1 59 8 25 25
0918_0052_0009_0029_0029.jpg 1 52 9 29 29
0919_0044_0013_0025_0025.jpg 1 44 13 25 25
0920_0020_0003_0024_0024.jpg 1 20 3 24 24
0921_0056_0010_0029_0029.jpg 1 56 10 29 29
0922_0058_0003_0031_0031.jpg 1 58 3 31 31
0923_0025_0006_0030_0030.jpg 1 25 6 30 30
0924_0029_0013_0026_0026.jpg 1 29 13 26 26
0925_0028_0011_0029_0029.jpg 1 28 11 29 29
0926_0017_0005_0028_0028.jpg 1 17 5 28 28
0927_0035_0010_0025_0025.jpg 1 35 10 25 25
0928_0038_0006_0029_0029.jpg 1 38 6 29 29
0929_0021_0005_0026_0026.jpg 1 21 5 26 26
0930_0053_0011_0029_0029.jpg 1 53 11 29 29
0931_0062_0003_0029_0029.jpg 1 62 3 29 29
0932_0059_0013_0030_0030.jpg 1 59 13 30 30
0933_0047_0008_0027_0027.jpg 1 47 8 27 27
0934_0016_0002_0029_0029.jpg 1 16 2 29 29
0935_0014_0006_0025_0025.jpg 1 14 6 25 25
0936_0018_0009_0028_0028.jpg 1 18 9 28 28
0937_0017_0012_0030_0030.jpg 1 17 12 30 30
0938_0015_0007_0026_0026.jpg 1 15 7 26 26
0939_0013_0008_0025_0025.jpg 1 13 8 25 25
0940_0046_0013_0029_0029.jpg 1 46 13 29 29
0941_0044_0008_0025_0025.jpg 1 44 8 25 25
0942_0024_0003_0030_0030.jpg 1 24 3 30 30
0943_0051_0001_0031_0031.jpg 1 51 1 31 31
0944_0014_0004_0027_0027.jpg 1 14 4 27 27
0945_0029_0010_0031_0031.jpg 1 29 10 31 31
0946_0020_0005_0031_0031.jpg 1 20 5 31 31
0947_0064_0004_0024_0024.jpg 1 64 4 24 24
0948_0013_0013_0029_0029.jpg 1 13 13 29 29
0949_0064_0005_0025_0025.jpg 1 64 5 25 25
0950_0032_0010_0025_0025.jpg 1 32 10 25 25
0951_0023_0010_0029_0029.jpg 1 23 10 29 29
0952_0017_0004_0024_0024.jpg 1 17 4 24 24
0953_0061_0014_0028_0028.jpg 1 61 14 28 28
0954_0010_0015_0027_0027.jpg 1 10 15 27 27
0955_0030_0003_0032_0032.jpg 1 30 3 32 32
0956_0051_0003_0024_0024.jpg 1 51 3 24 24
0957_0010_0014_0026_0026.jpg 1 10 14 26 26
0958_0036_0004_0028_0028.jpg 1 36 4 28 28
0959_0049_0005_0024_0024.jpg 1 49 5 24 24
0960_0052_0014_0029_0029.jpg 1 52 14 29 29
0961_0013_0016_0026_0026.jpg 1 13 16 26 26
0962_0027_0007_0029_0029.jpg 1 27 7 29 29
0963_0033_0007_0029_0029.jpg 1 33 7 29 29
0964_0038_0014_0030_0030.jpg 1 38 14 30 30
0965_0064_0009_0025_0025.jpg 1 64 9 25 25
0966_0023_0012_0027_0027.jpg 1 23 12 27 27
0967_0053_0008_0028_0028.jpg 1 53 8 28 28
0968_0026_0003_0030_0030.jpg 1 26 3 30 30
0969_0050_0017_0024_0024.jpg 1 50 17 24 24
0970_0050_0008_0028_0028.jpg 1 50 8 28 28
0971_0025_0006_0029_0029.jpg 1 25 6 29 29
0972_0063_0011_0028_0028.jpg 1 63 11 28 28
0973_0050_0011_0026_0026.jpg 1 50 11 26 26
0974_0040_0014_0027_0027.jpg 1 40 14 27 27
0975_0038_0005_0029_0029.jpg 1 38 5 29 29
0976_0011_0003_0031_0031.jpg 1 11 3 31 31
0977_0058_0005_0027_0027.jpg 1 58 5 27 27
0978_0036_0002_0030_0030.jpg 1 36 2 30 30
0979_0029_0011_0029_0029.jpg 1 29 11 29 29
0980_0024_0012_0031_0031.jpg 1 24 12 31 31
0981_0049_0003_0027_0027.jpg 1 49 3 27 27
0982_0049_0008_0031_0031.jpg 1 49 8 31 31
0983_0032_0015_0025_0025.jpg 1 32 15 25 25
0984_0066_0002_0024_0024.jpg 1 66 2 24 24
0985_0044_0015_0026_0026.jpg 1 44 15 26 26
0986_0011_0005_0031_0031.jpg 1 11 5 31 31
0987_0063_0013_0029_0029.jpg 1 63 13 29 29
0988_0056_0007_0026_0026.jpg 1 56 7 26 26
0989_0047_0006_0025_0025.jpg 1 47 6 25 25
0990_0058_0014_0029_0029.jpg 1 58 14 29 29
0991_0064_0013_0025_0025.jpg 1 64 13 25 25
0992_0039_0006_0027_0027.jpg 1 39 6 27 27
0993_0043_0005_0025_0025.jpg 1 43 5 25 25
0994_0035_0014_0024_0024.jpg 1 35 14 24 24
0995_0007_0006_0029_0029.jpg 1 7 6 29 29
0996_0053_0005_0029_0029.jpg 1 53 5 29 29
0997_0024_0007_0025_0025.jpg 1 24 7 25 25
0998_0016_0010_0031_0031.jpg 1 16 10 31 31
0999_0036_0014_0026_0026.jpg 1 36 14 26 26
1000_0045_0010_0029_0029.jpg 1 45 10 29 29
1001_0039_0011_0024_0024.jpg 1 39 11 24 24
1002_0024_0009_0025_0025.jpg 1 24 9 25 25
1003_0032_0017_0025_0025.jpg 1 32 17 25 25
1004_0016_0008_0028_0028.jpg 1 16 8 28 28
1005_0053_0003_0031_0031.jpg 1 53 3 31 31
1006_0050_0008_0026_0026.jpg 1 50 8 26 26
1007_0027_0011_0028_0028.jpg 1 27 11 28 28
1008_0009_0005_0029_0029.jpg 1 9 5 29 29
1009_0058_0003_0030_0030.jpg 1 58 3 30 30
1010_0052_0012_0028_0028.jpg 1 52 12 28 28
1011_0049_0006_0030_0030.jpg 1 49 6 30 30
1012_0042_0004_0027_0027.jpg 1 42 4 27 27
1013_0013_0004_0028_0028.jpg 1 13 4 28 28
1014_0043_0008_0030_0030.jpg 1 43 8 30 30
1015_0056_0004_0026_0026.jpg 1 56 4 26 26
1016_0011_0016_0025_0025.jpg 1 11 16 25 25
1017_0042_0009_0026_0026.jpg 1 42 9 26 26
1018_0056_0004_0025_0025.jpg 1 56 4 25 25
1019_0012_0012_0027_0027.jpg 1 12 12 27 27
1020_0027_0012_0028_0028.jpg 1 27 12 28 28
1021_0034_0005_0028_0028.jpg 1 34 5 28 28
1022_0051_0014_0029_0029.jpg 1 51 14 29 29
1023_0061_0008_0028_0028.jpg 1 61 8 28 28
1024_0033_0002_0024_0024.jpg 1 33 2 24 24
1025_0009_0016_0024_0024.jpg 1 9 16 24 24
1026_0019_0004_0026_0026.jpg 1 19 4 26 26
1027_0012_0012_0029_0029.jpg 1 12 12 29 29
1028_0062_0015_0028_0028.jpg 1 62 15 28 28
1029_0027_0018_0024_0024.jpg 1 27 18 24 24
1030_0063_0016_0024_0024.jpg 1 63 16 24 24
1031_0049_0003_0032_0032.jpg 1 49 3 32 32
1032_0055_0006_0024_0024.jpg 1 55 6 24 24
1033_0028_0016_0026_0026.jpg 1 28 16 26 26
1034_0009_0010_0029_0029.jpg 1 9 10 29 29
1035_0020_0016_0024_0024.jpg 1 20 16 24 24
1036_0020_0011_0028_0028.jpg 1 20 11 28 28
1037_0065_0006_0024_0024.jpg 1 65 6 24 24
1038_0019_0002_0026_0026.jpg 1 19 2 26 26
1039_0047_0012_0031_0031.jpg 1 47 12 31 31
1040_0038_0014_0028_0028.jpg 1 38 14 28 28
1041_0051_0003_0026_0026.jpg 1 51 3 26 26
1042_0025_0009_0032_0032.jpg 1 25 9 32 32
1043_0018_0011_0025_0025.jpg 1 18 11 25 25
1044_0060_0014_0027_0027.jpg 1 60 14 27 27
1045_0017_0002_0030_0030.jpg 1 17 2 30 30
1046_0050_0004_0029_0029.jpg 1 50 4 29 29
1047_0036_0007_0026_0026.jpg 1 36 7 26 26
1048_0036_0008_0027_0027.jpg 1 36 8 27 27
1049_0038_0015_0025_0025.jpg 1 38 15 25 25
1050_0057_0010_0031_0031.jpg 1 57 10 31 31
1051_0017_0007_0031_0031.jpg 1 17 7 31 31
1052_0018_0012_0026_0026.jpg 1 18 12 26 26
1053_0020_0003_0028_0028.jpg 1 20 3 28 28
1054_0047_0003_0028_0028.jpg 1 47 3 28 28
1055_0034_0012_0031_0031.jpg 1 34 12 31 31
1056_0047_0011_0028_0028.jpg 1 47 11 28 28
1057_0038_0007_0026_0026.jpg 1 38 7 26 26
1058_0063_0013_0027_0027.jpg 1 63 13 27 27
1059_0016_0004_0031_0031.jpg 1 16 4 31 31
1060_0059_0006_0026_0026.jpg 1 59 6 26 26
1061_0023_0010_0031_0031.jpg 1 23 10 31 31
1062_0018_0006_0027_0027.jpg 1 18 6 27 27
1063_0044_0012_0025_0025.jpg 1 44 12 25 25
1064_0018_0016_0025_0025.jpg 1 18 16 25 25
1065_0030_0004_0026_0026.jpg 1 30 4 26 26
1066_0043_0014_0028_0028.jpg 1 43 14 28 28
1067_0050_0012_0028_0028.jpg 1 50 12 28 28
1068_0027_0010_0024_0024.jpg 1 27 10 24 24
1069_0048_0010_0025_0025.jpg 1 48 10 25 25
1070_0039_0013_0027_0027.jpg 1 39 13 27 27
1071_0034_0011_0028_0028.jpg 1 34 11 28 28
1072_0061_0014_0030_0030.jpg 1 61 14 30 30
1073_0025_0008_0028_0028.jpg 1 25 8 28 28
1074_0062_0012_0025_0025.jpg 1 62 12 25 25
1075_0041_0007_0024_0024.jpg 1 41 7 24 24
1076_0063_0015_0025_0025.jpg 1 63 15 25 25
1077_0056_0012_0027_0027.jpg 1 56 12 27 27
1078_0049_0006_0028_0028.jpg 1 49 6 28 28
1079_0057_0004_0028_0028.jpg 1 57 4 28 28
1080_0026_0003_0026_0026.jpg 1 26 3 26 26
1081_0050_0003_0031_0031.jpg 1 50 3 31 31
1082_0026_0009_0024_0024.jpg 1 26 9 24 24
1083_0050_0004_0031_0031.jpg 1 50 4 31 31
1084_0059_0004_0026_0026.jpg 1 59 4 26 26
1085_0063_0017_0026_0026.jpg 1 63 17 26 26
1086_0032_0010_0028_0028.jpg 1 32 10 28 28
1087_0035_0012_0031_0031.jpg 1 35 12 31 31
1088_0043_0013_0028_0028.jpg 1 43 13 28 28
1089_0013_0006_0029_0029.jpg 1 13 6 29 29
1090_0053_0002_0030_0030.jpg 1 53 2 30 30
1091_0017_0007_0028_0028.jpg 1 17 7 28 28
1092_0015_0004_0026_0026.jpg 1 15 4 26 26
1093_0010_0011_0027_0027.jpg 1 10 11 27 27
1094_0036_0003_0030_0030.jpg 1 36 3 30 30
1095_0036_0008_0028_0028.jpg 1 36 8 28 28
1096_0045_0006_0030_0030.jpg 1 45 6 30 30
1097_0027_0002_0031_0031.jpg 1 27 2 31 31
1098_0016_0005_0025_0025.jpg 1 16 5 25 25
1099_0016_0011_0028_0028.jpg 1 16 11 28 28
1100_0037_0002_0030_0030.jpg 1 37 2 30 30
1101_0051_0013_0031_0031.jpg 1 51 13 31 31
1102_0041_0006_0029_0029.jpg 1 41 6 29 29
1103_0038_0006_0024_0024.jpg 1 38 6 24 24
1104_0013_0006_0031_0031.jpg 1 13 6 31 31
1105_0042_0008_0031_0031.jpg 1 42 8 31 31
1106_0019_0014_0029_0029.jpg 1 19 14 29 29
1107_0034_0009_0028_0028.jpg 1 34 9 28 28
1108_0010_0007_0028_0028.jpg 1 10 7 28 28
1109_0058_0009_0026_0026.jpg 1 58 9 26 26
1110_0012_0009_0024_0024.jpg 1 12 9 24 24
1111_0037_0003_0025_0025.jpg 1 37 3 25 25
1112_0050_0011_0031_0031.jpg 1 50 11 31 31
1113_0013_0013_0024_0024.jpg 1 13 13 24 24
1114_0056_0004_0027_0027.jpg 1 56 4 27 27
1115_0036_0013_0027_0027.jpg 1 36 13 27 27
1116_0010_0010_0030_0030.jpg 1 10 10 30 30
1117_0051_0011_0031_0031.jpg 1 51 11 31 31
1118_0047_0003_0028_0028.jpg 1 47 3 28 28
1119_0043_0003_0032_0032.jpg 1 43 3 32 32
1120_0050_0004_0024_0024.jpg 1 50 4 24 24
1121_0017_0007_0026_0026.jpg 1 17 7 26 26
1122_0017_0010_0025_0025.jpg 1 17 10 25 25
1123_0017_0013_0029_0029.jpg 1 17 13 29 29
1124_0043_0007_0031_0031.jpg 1 43 7 31 31
1125_0018_0004_0026_0026.jpg 1 18 4 26 26
1126_0028_0011_0028_0028.jpg 1 28 11 28 28
1127_0064_0010_0025_0025.jpg 1 64 10 25 25
1128_0044_0003_0030_0030.jpg 1 44 3 30 30
1129_0040_0019_0024_0024.jpg 1 40 19 24 24
1130_0059_0003_0029_0029.jpg 1 59 3 29 29
1131_0007_0003_0030_0030.jpg 1 7 3 30 30
1132_0027_0013_0028_0028.jpg 1 27 13 28 28
1133_0020_0003_0026_0026.jpg 1 20 3 26 26
1134_0042_0004_0026_0026.jpg 1 42 4 26 26
1135_0045_0011_0028_0028.jpg 1 45 11 28 28
1136_0010_0006_0030_0030.jpg 1 10 6 30 30
1137_0030_0016_0026_0026.jpg 1 30 16 26 26
1138_0023_0013_0026_0026.jpg 1 23 13 26 26
1139_0042_0005_0031_0031.jpg 1 42 5 31 31
1140_0034_0011_0031_0031.jpg 1 34 11 31 31
1141_0056_0004_0027_0027.jpg 1 56 4 27 27
1142_0010_0009_0024_0024.jpg 1 10 9 24 24
1143_0057_0010_0028_0028.jpg 1 57 10 28 28
1144_0048_0014_0027_0027.jpg 1 48 14 27 27
1145_0016_0009_0031_0031.jpg 1 16 9 31 31
1146_0049_0011_0026_0026.jpg 1 49 11 26 26
1147_0046_0013_0029_0029.jpg 1 46 13 29 29
1148_0018_0014_0025_0025.jpg 1 18 14 25 25
1149_0060_0013_0027_0027.jpg 1 60 13 27 27
1150_0038_0008_0024_0024.jpg 1 38 8 24 24
1151_0027_0016_0027_0027.jpg 1 27 16 27 27
1152_0029_0017_0026_0026.jpg 1 29 17 26 26
1153_0027_0003_0025_0025.jpg 1 27 3 25 25
1154_0025_0006_0030_0030.jpg 1 25 6 30 30
1155_0030_0012_0024_0024.jpg 1 30 12 24 24
1156_0008_0007_0031_0031.jpg 1 8 7 31 31
1157_0042_0013_0027_0027.jpg 1 42 13 27 27
1158_0057_0011_0030_0030.jpg 1 57 11 30 30
1159_0021_0009_0031_0031.jpg 1 21 9 31 31
1160_0049_0003_0029_0029.jpg 1 49 3 29 29
1161_0061_0010_0026_0026.jpg 1 61 10 26 26
1162_0035_0013_0029_0029.jpg 1 35 13 29 29
1163_0040_0013_0025_0025.jpg 1 40 13 25 25
1164_0025_0002_0027_0027.jpg 1 25 2 27 27
1165_0039_0009_0028_0028.jpg 1 39 9 28 28
1166_0032_0006_0026_0026.jpg 1 32 6 26 26
1167_0012_0006_0027_0027.jpg 1 12 6 27 27
1168_0012_0014_0025_0025.jpg 1 12 14 25 25
1169_0025_0005_0031_0031.jpg 1 25 5 31 31
1170_0046_0018_0025_0025.jpg 1 46 18 25 25
1171_0045_0011_0029_0029.jpg 1 45 11 29 29
1172_0029_0017_0025_0025.jpg 1 29 17 25 25
1173_0039_0003_0028_0028.jpg 1 39 3 28 28
1174_0024_0003_0028_0028.jpg 1 24 3 28 28
1175_0019_0004_0028_0028.jpg 1 19 4 28 28
1176_0011_0009_0029_0029.jpg 1 11 9 29 29
1177_0033_0004_0026_0026.jpg 1 33 4 26 26
1178_0024_0011_0030_0030.jpg 1 24 11 30 30
1179_0027_0002_0030_0030.jpg 1 27 2 30 30
1180_0050_0009_0029_0029.jpg 1 50 9 29 29
1181_0035_0006_0027_0027.jpg 1 35 6 27 27
1182_0029_0016_0025_0025.jpg 1 29 16 25 25
1183_0038_0002_0029_0029.jpg 1 38 2 29 29
1184_0065_0012_0025_0025.jpg 1 65 12 25 25
1185_0047_0006_0030_0030.jpg 1 47 6 30 30
1186_0051_0008_0027_0027.jpg 1 51 8 27 27
1187_0017_0012_0024_0024.jpg 1 17 12 24 24
1188_0066_0004_0026_0026.jpg 1 66 4 26 26
1189_0038_0013_0028_0028.jpg 1 38 13 28 28
1190_0051_0007_0026_0026.jpg 1 51 7 26 26
1191_0055_0008_0024_0024.jpg 1 55 8 24 24
1192_0060_0011_0025_0025.jpg 1 60 11 25 25
1193_0027_0009_0025_0025.jpg 1 27 9 25 25
1194_0063_0012_0029_0029.jpg 1 63 12 29 29
1195_0043_0006_0024_0024.jpg 1 43 6 24 24
1196_0026_0011_0028_0028.jpg 1 26 11 28 28
1197_0009_0003_0026_0026.jpg 1 9 3 26 26
1198_0042_0005_0030_0030.jpg 1 42 5 30 30
1199_0028_0006_0031_0031.jpg 1 28 6 31 31
1200_0065_0015_0024_0024.jpg 1 65 15 24 24
1201_0058_0008_0025_0025.jpg 1 58 8 25 25
1202_0057_0003_0027_0027.jpg 1 57 3 27 27
1203_0060_0013_0028_0028.jpg 1 60 13 28 28
1204_0030_0015_0024_0024.jpg 1 30 15 24 24
1205_0063_0013_0024_0024.jpg 1 63 13 24 24
1206_0033_0009_0030_0030.jpg 1 33 9 30 30
1207_0048_0002_0024_0024.jpg 1 48 2 24 24
1208_0031_0014_0027_0027.jpg 1 31 14 27 27
1209_0046_0014_0025_0025.jpg 1 46 14 25 25
1210_0033_0003_0031_0031.jpg 1 33 3 31 31
1211_0065_0017_0025_0025.jpg 1 65 17 25 25
1212_0013_0003_0024_0024.jpg 1 13 3 24 24
1213_0012_0008_0028_0028.jpg 1 12 8 28 28
1214_0030_0001_0028_0028.jpg 1 30 1 28 28
1215_0041_0009_0026_0026.jpg 1 41 9 26 26
1216_0046_0012_0029_0029.jpg 1 46 12 29 29
1217_0020_0004_0030_0030.jpg 1 20 4 30 30
1218_0039_0018_0024_0024.jpg 1 39 18 24 24
1219_0020_0002_0030_0030.jpg 1 20 2 30 30
1220_0014_0015_0026_0026.jpg 1 14 15 26 26
1221_0033_0007_0030_0030.jpg 1 33 7 30 30
1222_0048_0003_0031_0031.jpg 1 48 3 31 31
1223_0035_0015_0026_0026.jpg 1 35 15 26 26
1224_0030_0005_0028_0028.jpg 1 30 5 28 28
1225_0034_0013_0025_0025.jpg 1 34 13 25 25
1226_0024_0009_0027_0027.jpg 1 24 9 27 27
1227_0021_0003_0030_0030.jpg 1 21 3 30 30
1228_0013_0018_0024_0024.jpg 1 13 18 24 24
1229_0016_0013_0031_0031.jpg 1 16 13 31 31
1230_0007_0006_0031_0031.jpg 1 7 6 31 31
1231_0022_0006_0025_0025.jpg 1 22 6 25 25
1232_0056_0011_0024_0024.jpg 1 56 11 24 24
1233_0020_0014_0024_0024.jpg 1 20 14 24 24
1234_0046_0004_0026_0026.jpg 1 46 4 26 26
1235_0032_0015_0024_0024.jpg 1 32 15 24 24
1236_0034_0014_0029_0029.jpg 1 34 14 29 29
1237_0008_0004_0026_0026.jpg 1 8 4 26 26
1238_0053_0004_0024_0024.jpg 1 53 4 24 24
1239_0022_0013_0024_0024.jpg 1 22 13 24 24
1240_0031_0008_0029_0029.jpg 1 31 8 29 29
1241_0060_0013_0030_0030.jpg 1 60 13 30 30
1242_0019_0015_0027_0027.jpg 1 19 15 27 27
1243_0036_0011_0025_0025.jpg 1 36 11 25 25
1244_0008_0008_0031_0031.jpg 1 8 8 31 31
1245_0016_0014_0027_0027.jpg 1 16 14 27 27
1246_0039_0012_0026_0026.jpg 1 39 12 26 26
1247_0019_0005_0030_0030.jpg 1 19 5 30 30
1248_0020_0011_0031_0031.jpg 1 20 11 31 31
1249_0054_0015_0029_0029.jpg 1 54 15 29 29
1250_0011_0010_0031_0031.jpg 1 11 10 31 31
1251_0048_0013_0024_0024.jpg 1 48 13 24 24
1252_0056_0011_0028_0028.jpg 1 56 11 28 28
1253_0065_0008_0024_0024.jpg 1 65 8 24 24
1254_0049_0006_0026_0026.jpg 1 49 6 26 26
1255_0036_0005_0025_0025.jpg 1 36 5 25 25
1256_0063_0014_0026_0026.jpg 1 63 14 26 26
1257_0009_0006_0025_0025.jpg 1 9 6 25 25
1258_0053_0010_0028_0028.jpg 1 53 10 28 28
1259_0007_0013_0029_0029.jpg 1 7 13 29 29
1260_0048_0002_0030_0030.jpg 1 48 2 30 30
1261_0059_0006_0030_0030.jpg 1 59 6 30 30
1262_0018_0013_0029_0029.jpg 1 18 13 29 29
1263_0036_0003_0029_0029.jpg 1 36 3 29 29
1264_0025_0010_0025_0025.jpg 1 25 10 25 25
1265_0011_0003_0029_0029.jpg 1 11 3 29 29
1266_0019_0012_0029_0029.jpg 1 19 12 29 29
1267_0034_0013_0027_0027.jpg 1 34 13 27 27
1268_0018_0013_0026_0026.jpg 1 18 13 26 26
1269_0051_0013_0029_0029.jpg 1 51 13 29 29
1270_0023_0013_0024_0024.jpg 1 23 13 24 24
1271_0057_0004_0029_0029.jpg 1 57 4 29 29
1272_0039_0008_0031_0031.jpg 1 39 8 31 31
1273_0021_0005_0030_0030.jpg 1 21 5 30 30
1274_0055_0008_0028_0028.jpg 1 55 8 28 28
1275_0033_0014_0024_0024.jpg 1 33 14 24 24
1276_0022_0003_0031_0031.jpg 1 22 3 31 31
1277_0035_0006_0030_0030.jpg 1 35 6 30 30
1278_0051_0009_0028_0028.jpg 1 51 9 28 28
1279_0060_0014_0027_0027.jpg 1 60 14 27 27
1280_0060_0014_0027_0027.jpg 1 60 14 27 27
1281_0020_0002_0030_0030.jpg 1 20 2 30 30
1282_0050_0013_0029_0029.jpg 1 50 13 29 29
1283_0007_0009_0028_0028.jpg 1 7 9 28 28
1284_0053_0015_0026_0026.jpg 1 53 15 26 26
1285_0007_0010_0027_0027.jpg 1 7 10 27 27
1286_0012_0002_0031_0031.jpg 1 12 2 31 31
1287_0046_0010_0030_0030.jpg 1 46 10 30 30
1288_0055_0010_0031_0031.jpg 1 55 10 31 31
1289_0042_0004_0030_0030.jpg 1 42 4 30 30
1290_0016_0003_0024_0024.jpg 1 16 3 24 24
1291_0046_0012_0027_0027.jpg 1 46 12 27 27
1292_0019_0011_0024_0024.jpg 1 19 11 24 24
1293_0009_0007_0031_0031.jpg 1 9 7 31 31
1294_0028_0004_0024_0024.jpg 1 28 4 24 24
1295_0029_0013_0029_0029.jpg 1 29 13 29 29
1296_0042_0009_0028_0028.jpg 1 42 9 28 28
1297_0060_0005_0031_0031.jpg 1 60 5 31 31
1298_0048_0015_0028_0028.jpg 1 48 15 28 28
1299_0061_0010_0026_0026.jpg 1 61 10 26 26
1300_0023_0013_0028_0028.jpg 1 23 13 28 28
1301_0033_0012_0031_0031.jpg 1 33 12 31 31
1302_0017_0015_0025_0025.jpg 1 17 15 25 25
1303_0036_0008_0027_0027.jpg 1 36 8 27 27
1304_0044_0008_0025_0025.jpg 1 44 8 25 25
1305_0059_0017_0024_0024.jpg 1 59 17 24 24
1306_0032_0013_0027_0027.jpg 1 32 13 27 27
1307_0028_0004_0031_0031.jpg 1 28 4 31 31
1308_0046_0012_0026_0026.jpg 1 46 12 26 26
1309_0060_0012_0029_0029.jpg 1 60 12 29 29
1310_0023_0010_0028_0028.jpg 1 23 10 28 28
1311_0061_0004_0027_0027.jpg 1 61 4 27 27
1312_0037_0004_0029_0029.jpg 1 37 4 29 29
1313_0013_0012_0027_0027.jpg 1 13 12 27 27
1314_0013_0014_0027_0027.jpg 1 13 14 27 27
1315_0043_0001_0029_0029.jpg 1 43 1 29 29
1316_0034_0006_0025_0025.jpg 1 34 6 25 25
1317_0013_0003_0031_0031.jpg 1 13 3 31 31
1318_0032_0011_0026_0026.jpg 1 32 11 26 26
1319_0044_0002_0028_0028.jpg 1 44 2 28 28
1320_0008_0014_0028_0028.jpg 1 8 14 28 28
1321_0014_0005_0025_0025.jpg 1 14 5 25 25
1322_0042_0002_0031_0031.jpg 1 42 2 31 31
1323_0031_0010_0030_0030.jpg 1 31 10 30 30
1324_0035_0007_0029_0029.jpg 1 35 7 29 29
1325_0009_0015_0025_0025.jpg 1 9 15 25 25
1326_0007_0005_0027_0027.jpg 1 7 5 27 27
1327_0049_0005_0031_0031.jpg 1 49 5 31 31
1328_0026_0008_0030_0030.jpg 1 26 8 30 30
1329_0012_0014_0029_0029.jpg 1 12 14 29 29
1330_0042_0008_0030_0030.jpg 1 42 8 30 30
1331_0060_0013_0029_0029.jpg 1 60 13 29 29
1332_0019_0008_0024_0024.jpg 1 19 8 24 24
1333_0046_0005_0030_0030.jpg 1 46 5 30 30
1334_0039_0015_0028_0028.jpg 1 39 15 28 28
1335_0051_0013_0031_0031.jpg 1 51 13 31 31
1336_0039_0010_0026_0026.jpg 1 39 10 26 26
1337_0062_0006_0028_0028.jpg 1 62 6 28 28
1338_0054_0013_0029_0029.jpg 1 54 13 29 29
1339_0057_0007_0029_0029.jpg 1 57 7 29 29
1340_0042_0009_0030_0030.jpg 1 42 9 30 30
1341_0060_0005_0030_0030.jpg 1 60 5 30 30
1342_0014_0006_0032_0032.jpg 1 14 6 32 32
1343_0060_0008_0031_0031.jpg 1 60 8 31 31
1344_0047_0013_0029_0029.jpg 1 47 13 29 29
1345_0060_0013_0025_0025.jpg 1 60 13 25 25
1346_0059_0010_0030_0030.jpg 1 59 10 30 30
1347_0022_0005_0029_0029.jpg 1 22 5 29 29
1348_0040_0007_0026_0026.jpg 1 40 7 26 26
1349_0027_0010_0031_0031.jpg 1 27 10 31 31
1350_0017_0007_0028_0028.jpg 1 17 7 28 28
1351_0063_0016_0025_0025.jpg 1 63 16 25 25
1352_0049_0004_0031_0031.jpg 1 49 4 31 31
1353_0063_0005_0029_0029.jpg 1 63 5 29 29
1354_0014_0001_0032_0032.jpg 1 14 1 32 32
1355_0047_0008_0029_0029.jpg 1 47 8 29 29
1356_0054_0004_0030_0030.jpg 1 54 4 30 30
1357_0057_0014_0027_0027.jpg 1 57 14 27 27
1358_0012_0013_0027_0027.jpg 1 12 13 27 27
1359_0018_0005_0031_0031.jpg 1 18 5 31 31
1360_0034_0008_0031_0031.jpg 1 34 8 31 31
1361_0059_0006_0029_0029.jpg 1 59 6 29 29
1362_0016_0010_0028_0028.jpg 1 16 10 28 28
1363_0038_0009_0025_0025.jpg 1 38 9 25 25
1364_0010_0010_0024_0024.jpg 1 10 10 24 24
1365_0028_0015_0027_0027.jpg 1 28 15 27 27
1366_0012_0019_0024_0024.jpg 1 12 19 24 24
1367_0036_0001_0029_0029.jpg 1 36 1 29 29
1368_0031_0012_0028_0028.jpg 1 31 12 28 28
1369_0035_0017_0025_0025.jpg 1 35 17 25 25
1370_0043_0008_0027_0027.jpg 1 43 8 27 27
1371_0034_0008_0027_0027.jpg 1 34 8 27 27
1372_0062_0010_0030_0030.jpg 1 62 10 30 30
1373_0037_0007_0030_0030.jpg 1 37 7 30 30
1374_0023_0006_0027_0027.jpg 1 23 6 27 27
1375_0013_0013_0026_0026.jpg 1 13 13 26 26
1376_0058_0012_0026_0026.jpg 1 58 12 26 26
1377_0062_0015_0027_0027.jpg 1 62 15 27 27
1378_0022_0015_0025_0025.jpg 1 22 15 25 25
1379_0038_0009_0026_0026.jpg 1 38 9 26 26
1380_0053_0006_0027_0027.jpg 1 53 6 27 27
1381_0008_0008_0024_0024.jpg 1 8 8 24 24
1382_0029_0007_0024_0024.jpg 1 29 7 24 24
1383_0032_0004_0025_0025.jpg 1 32 4 25 25
1384_0058_0018_0025_0025.jpg 1 58 18 25 25
1385_0064_0002_0027_0027.jpg 1 64 2 27 27
1386_0037_0011_0032_0032.jpg 1 37 11 32 32
1387_0051_0011_0030_0030.jpg 1 51 11 30 30
1388_0060_0010_0025_0025.jpg 1 60 10 25 25
1389_0043_0005_0032_0032.jpg 1 43 5 32 32
1390_0041_0013_0028_0028.jpg 1 41 13 28 28
1391_0022_0007_0030_0030.jpg 1 22 7 30 30
1392_0022_0011_0029_0029.jpg 1 22 11 29 29
1393_0060_0011_0026_0026.jpg 1 60 11 26 26
1394_0008_0005_0027_0027.jpg 1 8 5 27 27
1395_0032_0008_0029_0029.jpg 1 32 8 29 29
1396_0056_0013_0030_0030.jpg 1 56 13 30 30
1397_0042_0011_0024_0024.jpg 1 42 11 24 24
1398_0032_0016_0026_0026.jpg 1 32 16 26 26
1399_0034_0006_0030_0030.jpg 1 34 6 30 30
1400_0025_0010_0030_0030.jpg 1 25 10 30 30
1401_0016_0008_0025_0025.jpg 1 16 8 25 25
1402_0041_0005_0030_0030.jpg 1 41 5 30 30
1403_0051_0008_0025_0025.jpg 1 51 8 25 25
1404_0040_0010_0031_0031.jpg 1 40 10 31 31
1405_0007_0002_0028_0028.jpg 1 7 2 28 28
1406_0011_0004_0029_0029.jpg 1 11 4 29 29
1407_0031_0006_0032_0032.jpg 1 31 6 32 32
1408_0019_0007_0029_0029.jpg 1 19 7 29 29
1409_0014_0010_0031_0031.jpg 1 14 10 31 31
1410_0052_0009_0032_0032.jpg 1 52 9 32 32
1411_0053_0015_0024_0024.jpg 1 53 15 24 24
1412_0027_0011_0029_0029.jpg 1 27 11 29 29
1413_0040_0015_0027_0027.jpg 1 40 15 27 27
1414_0042_0007_0025_0025.jpg 1 42 7 25 25
1415_0046_0003_0028_0028.jpg 1 46 3 28 28
1416_0051_0011_0028_0028.jpg 1 51 11 28 28
1417_0059_0011_0030_0030.jpg 1 59 11 30 30
1418_0022_0003_0031_0031.jpg 1 22 3 31 31
1419_0053_0009_0027_0027.jpg 1 53 9 27 27
1420_0010_0009_0026_0026.jpg 1 10 9 26 26
1421_0030_0013_0031_0031.jpg 1 30 13 31 31
1422_0016_0018_0024_0024.jpg 1 16 18 24 24
1423_0054_0011_0026_0026.jpg 1 54 11 26 26
1424_0050_0007_0024_0024.jpg 1 50 7 24 24
1425_0051_0008_0029_0029.jpg 1 51 8 29 29
1426_0030_0002_0031_0031.jpg 1 30 2 31 31
1427_0039_0006_0029_0029.jpg 1 39 6 29 29
1428_0014_0012_0028_0028.jpg 1 14 12 28 28
1429_0018_0001_0030_0030.jpg 1 18 1 30 30
1430_0032_0012_0031_0031.jpg 1 32 12 31 31
1431_0032_0003_0026_0026.jpg 1 32 3 26 26
1432_0011_0014_0030_0030.jpg 1 11 14 30 30
1433_0024_0005_0031_0031.jpg 1 24 5 31 31
1434_0054_0010_0024_0024.jpg 1 54 10 24 24
1435_0011_0014_0025_0025.jpg 1 11 14 25 25
1436_0041_0010_0028_0028.jpg 1 41 10 28 28
1437_0057_0012_0027_0027.jpg 1 57 12 27 27
1438_0061_0006_0027_0027.jpg 1 61 6 27 27
1439_0014_0009_0024_0024.jpg 1 14 9 24 24
1440_0014_0011_0030_0030.jpg 1 14 11 30 30
1441_0020_0011_0029_0029.jpg 1 20 11 29 29
1442_0048_0009_0029_0029.jpg 1 48 9 29 29
1443_0019_0010_0028_0028.jpg 1 19 10 28 28
1444_0036_0003_0030_0030.jpg 1 36 3 30 30
1445_0036_0019_0024_0024.jpg 1 36 19 24 24
1446_0012_0004_0024_0024.jpg 1 12 4 24 24
1447_0056_0012_0024_0024.jpg 1 56 12 24 24
1448_0065_0012_0024_0024.jpg 1 65 12 24 24
1449_0021_0006_0027_0027.jpg 1 21 6 27 27
1450_0063_0014_0029_0029.jpg 1 63 14 29 29
1451_0046_0003_0024_0024.jpg 1 46 3 24 24
1452_0037_0003_0026_0026.jpg 1 37 3 26 26
1453_0058_0002_0024_0024.jpg 1 58 2 24 24
1454_0030_0008_0031_0031.jpg 1 30 8 31 31
1455_0026_0007_0031_0031.jpg 1 26 7 31 31
1456_0048_0015_0028_0028.jpg 1 48 15 28 28
1457_0039_0016_0025_0025.jpg 1 39 16 25 25
1458_0037_0007_0027_0027.jpg 1 37 7 27 27
1459_0030_0013_0027_0027.jpg 1 30 13 27 27
1460_0007_0012_0027_0027.jpg 1 7 12 27 27
1461_0037_0011_0024_0024.jpg 1 37 11 24 24
1462_0041_0003_0027_0027.jpg 1 41 3 27 27
1463_0015_0002_0030_0030.jpg 1 15 2 30 30
1464_0012_0013_0027_0027.jpg 1 12 13 27 27
1465_0015_0014_0025_0025.jpg 1 15 14 25 25
1466_0045_0001_0030_0030.jpg 1 45 1 30 30
1467_0053_0008_0029_0029.jpg 1 53 8 29 29
1468_0064_0005_0027_0027.jpg 1 64 5 27 27
1469_0057_0004_0025_0025.jpg 1 57 4 25 25
1470_0014_0005_0026_0026.jpg 1 14 5 26 26
1471_0056_0011_0025_0025.jpg 1 56 11 25 25
1472_0058_0003_0029_0029.jpg 1 58 3 29 29
1473_0039_0004_0028_0028.jpg 1 39 4 28 28
1474_0049_0017_0026_0026.jpg 1 49 17 26 26
1475_0030_0004_0025_0025.jpg 1 30 4 25 25
1476_0040_0013_0025_0025.jpg 1 40 13 25 25
1477_0054_0007_0031_0031.jpg 1 54 7 31 31
1478_0050_0011_0031_0031.jpg 1 50 11 31 31
1479_0039_0012_0030_0030.jpg 1 39 12 30 30
1480_0061_0005_0026_0026.jpg 1 61 5 26 26
1481_0058_0004_0029_0029.jpg 1 58 4 29 29
1482_0038_0015_0026_0026.jpg 1 38 15 26 26
1483_0056_0007_0024_0024.jpg 1 56 7 24 24
1484_0030_0013_0024_0024.jpg 1 30 13 24 24
1485_0020_0012_0030_0030.jpg 1 20 12 30 30
1486_0054_0004_0026_0026.jpg 1 54 4 26 26
1487_0019_0015_0027_0027.jpg 1 19 15 27 27
1488_0010_0006_0031_0031.jpg 1 10 6 31 31
1489_0017_0009_0026_0026.jpg 1 17 9 26 26
1490_0021_0011_0025_0025.jpg 1 21 11 25 25
1491_0049_0006_0027_0027.jpg 1 49 6 27 27
1492_0023_0002_0026_0026.jpg 1 23 2 26 26
1493_0015_0012_0031_0031.jpg 1 15 12 31 31
1494_0016_0005_0028_0028.jpg 1 16 5 28 28
1495_0049_0008_0027_0027.jpg 1 49 8 27 27
1496_0052_0012_0025_0025.jpg 1 52 12 25 25
1497_0058_0008_0030_0030.jpg 1 58 8 30 30
1498_0008_0015_0025_0025.jpg 1 8 15 25 25
1499_0040_0002_0027_0027.jpg 1 40 2 27 27
1500_0037_0011_0026_0026.jpg 1 37 11 26 26
1501_0017_0004_0027_0027.jpg 1 17 4 27 27
1502_0040_0014_0028_0028.jpg 1 40 14 28 28
1503_0030_0006_0029_0029.jpg 1 30 6 29 29
1504_0028_0013_0025_0025.jpg 1 28 13 25 25
1505_0056_0006_0027_0027.jpg 1 56 6 27 27
1506_0026_0003_0028_0028.jpg 1 26 3 28 28
1507_0008_0003_0029_0029.jpg 1 8 3 29 29
1508_0033_0005_0027_0027.jpg 1 33 5 27 27
1509_0011_0009_0028_0028.jpg 1 11 9 28 28
1510_0020_0004_0030_0030.jpg 1 20 4 30 30
1511_0061_0002_0026_0026.jpg 1 61 2 26 26
1512_0034_0003_0028_0028.jpg 1 34 3 28 28
1513_0046_0013_0025_0025.jpg 1 46 13 25 25
1514_0050_0002_0030_0030.jpg 1 50 2 30 30
1515_0042_0011_0025_0025.jpg 1 42 11 25 25
1516_0015_0012_0030_0030.jpg 1 15 12 30 30
1517_0061_0007_0031_0031.jpg 1 61 7 31 31
1518_0008_0010_0029_0029.jpg 1 8 10 29 29
1519_0016_0008_0030_0030.jpg 1 16 8 30 30
1520_0016_0003_0026_0026.jpg 1 16 3 26 26
1521_0020_0012_0027_0027.jpg 1 20 12 27 27
1522_0059_0004_0031_0031.jpg 1 59 4 31 31
1523_0061_0008_0029_0029.jpg 1 61 8 29 29
1524_0026_0003_0030_0030.jpg 1 26 3 30 30
1525_0050_0002_0030_0030.jpg 1 50 2 30 30
1526_0056_0002_0028_0028.jpg 1 56 2 28 28
1527_0032_0007_0029_0029.jpg 1 32 7 29 29
1528_0055_0003_0025_0025.jpg 1 55 3 25 25
1529_0008_0012_0030_0030.jpg 1 8 12 30 30
1530_0047_0018_0025_0025.jpg 1 47 18 25 25
1531_0038_0007_0030_0030.jpg 1 38 7 30 30
1532_0049_0011_0030_0030.jpg 1 49 11 30 30
1533_0061_0005_0031_0031.jpg 1 61 5 31 31
1534_0013_0016_0026_0026.jpg 1 13 16 26 26
1535_0056_0004_0031_0031.jpg 1 56 4 31 31
1536_0060_0006_0025_0025.jpg 1 60 6 25 25
1537_0022_0012_0030_0030.jpg 1 22 12 30 30
1538_0009_0004_0031_0031.jpg 1 9 4 31 31
1539_0040_0012_0024_0024.jpg 1 40 12 24 24
1540_0010_0007_0031_0031.jpg 1 10 7 31 31
1541_0062_0016_0024_0024.jpg 1 62 16 24 24
1542_0034_0001_0030_0030.jpg 1 34 1 30 30
1543_0033_0003_0028_0028.jpg 1 33 3 28 28
1544_0020_0009_0028_0028.jpg 1 20 9 28 28
1545_0056_0009_0024_0024.jpg 1 56 9 24 24
1546_0041_0018_0024_0024.jpg 1 41 18 24 24
1547_0027_0011_0025_0025.jpg 1 27 11 25 25
1548_0040_0005_0026_0026.jpg 1 40 5 26 26
1549_0037_0008_0029_0029.jpg 1 37 8 29 29
1550_0062_0005_0028_0028.jpg 1 62 5 28 28
1551_0058_0002_0028_0028.jpg 1 58 2 28 28
1552_0028_0005_0027_0027.jpg 1 28 5 27 27
1553_0024_0008_0030_0030.jpg 1 24 8 30 30
1554_0008_0012_0031_0031.jpg 1 8 12 31 31
1555_0041_0009_0026_0026.jpg 1 41 9 26 26
1556_0040_0005_0025_0025.jpg 1 40 5 25 25
1557_0064_0007_0025_0025.jpg 1 64 7 25 25
1558_0023_0010_0030_0030.jpg 1 23 10 30 30
1559_0056_0013_0030_0030.jpg 1 56 13 30 30
1560_0055_0011_0030_0030.jpg 1 55 11 30 30
1561_0044_0012_0028_0028.jpg 1 44 12 28 28
1562_0037_0012_0025_0025.jpg 1 37 12 25 25
1563_0012_0017_0024_0024.jpg 1 12 17 24 24
1564_0048_0013_0026_0026.jpg 1 48 13 26 26
1565_0064_0009_0024_0024.jpg 1 64 9 24 24
1566_0049_0007_0027_0027.jpg 1 49 7 27 27
1567_0047_0014_0025_0025.jpg 1 47 14 25 25
1568_0043_0015_0027_0027.jpg 1 43 15 27 27
1569_0063_0014_0027_0027.jpg 1 63 14 27 27
1570_0032_0013_0029_0029.jpg 1 32 13 29 29
1571_0027_0009_0024_0024.jpg 1 27 9 24 24
1572_0031_0010_0026_0026.jpg 1 31 10 26 26
1573_0056_0015_0026_0026.jpg 1 56 15 26 26
1574_0053_0016_0025_0025.jpg 1 53 16 25 25
1575_0033_0011_0026_0026.jpg 1 33 11 26 26
1576_0008_0009_0025_0025.jpg 1 8 9 25 25
1577_0049_0011_0026_0026.jpg 1 49 11 26 26
1578_0050_0007_0024_0024.jpg 1 50 7 24 24
1579_0048_0009_0026_0026.jpg 1 48 9 26 26
1580_0045_0013_0026_0026.jpg 1 45 13 26 26
1581_0037_0002_0025_0025.jpg 1 37 2 25 25
1582_0044_0013_0031_0031.jpg 1 44 13 31 31
1583_0051_0011_0026_0026.jpg 1 51 11 26 26
1584_0039_0006_0030_0030.jpg 1 39 6 30 30
1585_0009_0005_0030_0030.jpg 1 9 5 30 30
1586_0062_0009_0030_0030.jpg 1 62 9 30 30
1587_0056_0004_0024_0024.jpg 1 56 4 24 24
1588_0043_0012_0031_0031.jpg 1 43 12 31 31
1589_0054_0016_0027_0027.jpg 1 54 16 27 27
1590_0047_0016_0024_0024.jpg 1 47 16 24 24
1591_0050_0006_0030_0030.jpg 1 50 6 30 30
1592_0029_0011_0026_0026.jpg 1 29 11 26 26
1593_0052_0011_0031_0031.jpg 1 52 11 31 31
1594_0034_0006_0032_0032.jpg 1 34 6 32 32
1595_0040_0014_0030_0030.jpg 1 40 14 30 30
1596_0041_0004_0024_0024.jpg 1 41 4 24 24
1597_0028_0011_0030_0030.jpg 1 28 11 30 30
1598_0044_0003_0027_0027.jpg 1 44 3 27 27
1599_0062_0011_0030_0030.jpg 1 62 11 30 30
1600_0048_0004_0031_0031.jpg 1 48 4 31 31
1601_0024_0019_0024_0024.jpg 1 24 19 24 24
1602_0019_0002_0030_0030.jpg 1 19 2 30 30
1603_0021_0005_0029_0029.jpg 1 21 5 29 29
1604_0049_0014_0026_0026.jpg 1 49 14 26 26
1605_0024_0007_0024_0024.jpg 1 24 7 24 24
1606_0039_0007_0028_0028.jpg 1 39 7 28 28
1607_0037_0009_0024_0024.jpg 1 37 9 24 24
1608_0037_0009_0026_0026.jpg 1 37 9 26 26
1609_0008_0014_0024_0024.jpg 1 8 14 24 24
1610_0045_0015_0028_0028.jpg 1 45 15 28 28
1611_0031_0003_0031_0031.jpg 1 31 3 31 31
1612_0051_0006_0029_0029.jpg 1 51 6 29 29
1613_0062_0003_0030_0030.jpg 1 62 3 30 30
1614_0015_0006_0027_0027.jpg 1 15 6 27 27
1615_0008_0004_0026_0026.jpg 1 8 4 26 26
1616_0034_0005_0028_0028.jpg 1 34 5 28 28
1617_0021_0014_0024_0024.jpg 1 21 14 24 24
1618_0014_0013_0030_0030.jpg 1 14 13 30 30
1619_0012_0005_0025_0025.jpg 1 12 5 25 25
1620_0044_0009_0024_0024.jpg 1 44 9 24 24
1621_0028_0002_0030_0030.jpg 1 28 2 30 30
1622_0013_0019_0024_0024.jpg 1 13 19 24 24
1623_0026_0005_0026_0026.jpg 1 26 5 26 26
1624_0061_0009_0031_0031.jpg 1 61 9 31 31
1625_0058_0009_0030_0030.jpg 1 58 9 30 30
1626_0034_0008_0030_0030.jpg 1 34 8 30 30
1627_0026_0013_0025_0025.jpg 1 26 13 25 25
1628_0051_0018_0025_0025.jpg 1 51 18 25 25
1629_0019_0012_0026_0026.jpg 1 19 12 26 26
1630_0036_0011_0028_0028.jpg 1 36 11 28 28
1631_0026_0003_0025_0025.jpg 1 26 3 25 25
1632_0023_0007_0029_0029.jpg 1 23 7 29 29
1633_0023_0008_0028_0028.jpg 1 23 8 28 28
1634_0016_0003_0031_0031.jpg 1 16 3 31 31
1635_0033_0004_0029_0029.jpg 1 33 4 29 29
1636_0017_0013_0027_0027.jpg 1 17 13 27 27
1637_0016_0010_0026_0026.jpg 1 16 10 26 26
1638_0057_0018_0025_0025.jpg 1 57 18 25 25
1639_0007_0005_0027_0027.jpg 1 7 5 27 27
1640_0019_0006_0025_0025.jpg 1 19 6 25 25
1641_0058_0005_0024_0024.jpg 1 58 5 24 24
1642_0044_0009_0025_0025.jpg 1 44 9 25 25
1643_0060_0014_0025_0025.jpg 1 60 14 25 25
1644_0050_0013_0024_0024.jpg 1 50 13 24 24
1645_0021_0013_0026_0026.jpg 1 21 13 26 26
1646_0058_0012_0024_0024.jpg 1 58 12 24 24
1647_0014_0010_0026_0026.jpg 1 14 10 26 26
1648_0037_0002_0028_0028.jpg 1 37 2 28 28
1649_0037_0004_0026_0026.jpg 1 37 4 26 26
1650_0039_0016_0025_0025.jpg 1 39 16 25 25
1651_0011_0002_0028_0028.jpg 1 11 2 28 28
1652_0027_0009_0024_0024.jpg 1 27 9 24 24
1653_0066_0004_0025_0025.jpg 1 66 4 25 25
1654_0023_0013_0029_0029.jpg 1 23 13 29 29
1655_0014_0002_0029_0029.jpg 1 14 2 29 29
1656_0020_0010_0029_0029.jpg 1 20 10 29 29
1657_0039_0017_0025_0025.jpg 1 39 17 25 25
1658_0032_0012_0029_0029.jpg 1 32 12 29 29
1659_0025_0005_0028_0028.jpg 1 25 5 28 28
1660_0044_0016_0025_0025.jpg 1 44 16 25 25
1661_0022_0011_0031_0031.jpg 1 22 11 31 31
1662_0061_0012_0030_0030.jpg 1 61 12 30 30
1663_0049_0008_0026_0026.jpg 1 49 8 26 26
1664_0042_0005_0026_0026.jpg 1 42 5 26 26
1665_0015_0012_0027_0027.jpg 1 15 12 27 27
1666_0058_0004_0025_0025.jpg 1 58 4 25 25
1667_0048_0009_0031_0031.jpg 1 48 9 31 31
1668_0046_0013_0028_0028.jpg 1 46 13 28 28
1669_0052_0009_0025_0025.jpg 1 52 9 25 25
1670_0012_0004_0030_0030.jpg 1 12 4 30 30
1671_0027_0014_0027_0027.jpg 1 27 14 27 27
1672_0015_0005_0032_0032.jpg 1 15 5 32 32
1673_0055_0005_0024_0024.jpg 1 55 5 24 24
1674_0054_0014_0029_0029.jpg 1 54 14 29 29
1675_0034_0009_0027_0027.jpg 1 34 9 27 27
1676_0058_0013_0028_0028.jpg 1 58 13 28 28
1677_0044_0012_0031_0031.jpg 1 44 12 31 31
1678_0017_0006_0025_0025.jpg 1 17 6 25 25
1679_0061_0011_0026_0026.jpg 1 61 11 26 26
1680_0037_0013_0024_0024.jpg 1 37 13 24 24
1681_0043_0004_0029_0029.jpg 1 43 4 29 29
1682_0011_0007_0030_0030.jpg 1 11 7 30 30
1683_0038_0004_0026_0026.jpg 1 38 4 26 26
1684_0020_0010_0026_0026.jpg 1 20 10 26 26
1685_0016_0009_0027_0027.jpg 1 16 9 27 27
1686_0054_0005_0032_0032.jpg 1 54 5 32 32
1687_0021_0007_0025_0025.jpg 1 21 7 25 25
1688_0055_0006_0030_0030.jpg 1 55 6 30 30
1689_0014_0006_0024_0024.jpg 1 14 6 24 24
1690_0040_0003_0028_0028.jpg 1 40 3 28 28
1691_0044_0009_0031_0031.jpg 1 44 9 31 31
1692_0045_0014_0029_0029.jpg 1 45 14 29 29
1693_0033_0003_0028_0028.jpg 1 33 3 28 28
1694_0045_0013_0026_0026.jpg 1 45 13 26 26
1695_0023_0004_0029_0029.jpg 1 23 4 29 29
1696_0008_0008_0031_0031.jpg 1 8 8 31 31
1697_0009_0016_0027_0027.jpg 1 9 16 27 27
1698_0044_0002_0031_0031.jpg 1 44 2 31 31
1699_0008_0004_0026_0026.jpg 1 8 4 26 26
1700_0056_0002_0026_0026.jpg 1 56 2 26 26
1701_0011_0016_0027_0027.jpg 1 11 16 27 27
1702_0057_0014_0025_0025.jpg 1 57 14 25 25
1703_0054_0007_0025_0025.jpg 1 54 7 25 25
1704_0007_0003_0029_0029.jpg 1 7 3 29 29
1705_0017_0002_0031_0031.jpg 1 17 2 31 31
1706_0020_0008_0027_0027.jpg 1 20 8 27 27
1707_0054_0014_0029_0029.jpg 1 54 14 29 29
1708_0025_0011_0024_0024.jpg 1 25 11 24 24
1709_0042_0012_0026_0026.jpg 1 42 12 26 26
1710_0018_0012_0031_0031.jpg 1 18 12 31 31
1711_0036_0001_0030_0030.jpg 1 36 1 30 30
1712_0061_0003_0030_0030.jpg 1 61 3 30 30
1713_0062_0013_0030_0030.jpg 1 62 13 30 30
1714_0046_0012_0026_0026.jpg 1 46 12 26 26
1715_0038_0013_0026_0026.jpg 1 38 13 26 26
1716_0007_0010_0030_0030.jpg 1 7 10 30 30
1717_0017_0013_0024_0024.jpg 1 17 13 24 24
1718_0029_0002_0024_0024.jpg 1 29 2 24 24
1719_0044_0002_0028_0028.jpg 1 44 2 28 28
1720_0047_0012_0031_0031.jpg 1 47 12 31 31
1721_0036_0015_0029_0029.jpg 1 36 15 29 29
1722_0039_0004_0030_0030.jpg 1 39 4 30 30
1723_0022_0007_0027_0027.jpg 1 22 7 27 27
1724_0035_0003_0026_0026.jpg 1 35 3 26 26
1725_0021_0007_0026_0026.jpg 1 21 7 26 26
1726_0041_0006_0031_0031.jpg 1 41 6 31 31
1727_0010_0006_0025_0025.jpg 1 10 6 25 25
1728_0057_0009_0031_0031.jpg 1 57 9 31 31
1729_0021_0004_0031_0031.jpg 1 21 4 31 31
1730_0043_0003_0028_0028.jpg 1 43 3 28 28
1731_0023_0014_0025_0025.jpg 1 23 14 25 25
1732_0033_0007_0027_0027.jpg 1 33 7 27 27
1733_0036_0012_0026_0026.jpg 1 36 12 26 26
1734_0022_0003_0029_0029.jpg 1 22 3 29 29
1735_0008_0004_0028_0028.jpg 1 8 4 28 28
1736_0062_0011_0027_0027.jpg 1 62 11 27 27
1737_0041_0008_0028_0028.jpg 1 41 8 28 28
1738_0037_0010_0025_0025.jpg 1 37 10 25 25
1739_0058_0009_0028_0028.jpg 1 58 9 28 28
1740_0031_0011_0025_0025.jpg 1 31 11 25 25
1741_0017_0015_0028_0028.jpg 1 17 15 28 28
1742_0045_0003_0026_0026.jpg 1 45 3 26 26
1743_0009_0012_0027_0027.jpg 1 9 12 27 27
1744_0047_0016_0024_0024.jpg 1 47 16 24 24
1745_0027_0004_0031_0031.jpg 1 27 4 31 31
1746_0016_0011_0030_0030.jpg 1 16 11 30 30
1747_0061_0010_0029_0029.jpg 1 61 10 29 29
1748_0013_0003_0024_0024.jpg 1 13 3 24 24
1749_0039_0011_0030_0030.jpg 1 39 11 30 30
1750_0029_0008_0029_0029.jpg 1 29 8 29 29
1751_0055_0015_0026_0026.jpg 1 55 15 26 26
1752_0007_0007_0031_0031.jpg 1 7 7 31 31
1753_0034_0012_0030_0030.jpg 1 34 12 30 30
1754_0062_0015_0026_0026.jpg 1 62 15 26 26
1755_0019_0004_0031_0031.jpg 1 19 4 31 31
1756_0041_0016_0024_0024.jpg 1 41 16 24 24
1757_0053_0003_0029_0029.jpg 1 53 3 29 29
1758_0049_0006_0029_0029.jpg 1 49 6 29 29
1759_0053_0009_0031_0031.jpg 1 53 9 31 31
1760_0046_0010_0028_0028.jpg 1 46 10 28 28
1761_0054_0004_0026_0026.jpg 1 54 4 26 26
1762_0011_0005_0025_0025.jpg 1 11 5 25 25
1763_0008_0015_0027_0027.jpg 1 8 15 27 27
1764_0028_0004_0027_0027.jpg 1 28 4 27 27
1765_0056_0012_0031_0031.jpg 1 56 12 31 31
1766_0030_0003_0025_0025.jpg 1 30 3 25 25
1767_0009_0011_0031_0031.jpg 1 9 11 31 31
1768_0033_0005_0031_0031.jpg 1 33 5 31 31
1769_0012_0003_0024_0024.jpg 1 12 3 24 24
1770_0056_0004_0024_0024.jpg 1 56 4 24 24
1771_0061_0006_0024_0024.jpg 1 61 6 24 24
1772_0014_0018_0024_0024.jpg 1 14 18 24 24
1773_0041_0013_0029_0029.jpg 1 41 13 29 29
1774_0050_0016_0027_0027.jpg 1 50 16 27 27
1775_0056_0011_0031_0031.jpg 1 56 11 31 31
1776_0031_0011_0025_0025.jpg 1 31 11 25 25
1777_0057_0004_0027_0027.jpg 1 57 4 27 27
1778_0018_0010_0030_0030.jpg 1 18 10 30 30
1779_0047_0004_0031_0031.jpg 1 47 4 31 31
1780_0008_0010_0029_0029.jpg 1 8 10 29 29
1781_0025_0005_0027_0027.jpg 1 25 5 27 27
1782_0016_0013_0024_0024.jpg 1 16 13 24 24
1783_0061_0004_0026_0026.jpg 1 61 4 26 26
1784_0038_0013_0029_0029.jpg 1 38 13 29 29
1785_0026_0001_0031_0031.jpg 1 26 1 31 31
1786_0008_0005_0028_0028.jpg 1 8 5 28 28
1787_0023_0019_0024_0024.jpg 1 23 19 24 24
1788_0029_0009_0028_0028.jpg 1 29 9 28 28
1789_0065_0007_0026_0026.jpg 1 65 7 26 26
1790_0053_0004_0027_0027.jpg 1 53 4 27 27
1791_0043_0014_0028_0028.jpg 1 43 14 28 28
1792_0046_0005_0030_0030.jpg 1 46 5 30 30
1793_0029_0008_0026_0026.jpg 1 29 8 26 26
1794_0035_0013_0028_0028.jpg 1 35 13 28 28
1795_0061_0014_0026_0026.jpg 1 61 14 26 26
1796_0057_0001_0029_0029.jpg 1 57 1 29 29
1797_0062_0014_0026_0026.jpg 1 62 14 26 26
1798_0022_0002_0028_0028.jpg 1 22 2 28 28
1799_0045_0008_0027_0027.jpg 1 45 8 27 27
1800_0061_0008_0028_0028.jpg 1 61 8 28 28
1801_0012_0007_0029_0029.jpg 1 12 7 29 29
1802_0063_0013_0024_0024.jpg 1 63 13 24 24
1803_0048_0004_0025_0025.jpg 1 48 4 25 25
1804_0010_0008_0024_0024.jpg 1 10 8 24 24
1805_0044_0003_0031_0031.jpg 1 44 3 31 31
1806_0045_0015_0024_0024.jpg 1 45 15 24 24
1807_0050_0010_0025_0025.jpg 1 50 10 25 25
1808_0020_0014_0025_0025.jpg 1 20 14 25 25
1809_0055_0006_0030_0030.jpg 1 55 6 30 30
1810_0049_0011_0029_0029.jpg 1 49 11 29 29
1811_0057_0011_0031_0031.jpg 1 57 11 31 31
1812_0060_0009_0031_0031.jpg 1 60 9 31 31
1813_0042_0010_0026_0026.jpg 1 42 10 26 26
1814_0044_0009_0025_0025.jpg 1 44 9 25 25
1815_0037_0007_0030_0030.jpg 1 37 7 30 30
1816_0048_0004_0030_0030.jpg 1 48 4 30 30
1817_0011_0002_0029_0029.jpg 1 11 2 29 29
1818_0053_0007_0031_0031.jpg 1 53 7 31 31
1819_0044_0006_0031_0031.jpg 1 44 6 31 31
1820_0020_0018_0024_0024.jpg 1 20 18 24 24
1821_0024_0013_0030_0030.jpg 1 24 13 30 30
1822_0057_0012_0026_0026.jpg 1 57 12 26 26
1823_0051_0014_0026_0026.jpg 1 51 14 26 26
1824_0014_0002_0028_0028.jpg 1 14 2 28 28
1825_0023_0009_0031_0031.jpg 1 23 9 31 31
1826_0032_0009_0027_0027.jpg 1 32 9 27 27
1827_0033_0012_0024_0024.jpg 1 33 12 24 24
1828_0035_0005_0027_0027.jpg 1 35 5 27 27
1829_0027_0010_0030_0030.jpg 1 27 10 30 30
1830_0042_0005_0031_0031.jpg 1 42 5 31 31
1831_0031_0008_0030_0030.jpg 1 31 8 30 30
1832_0047_0007_0025_0025.jpg 1 47 7 25 25
1833_0056_0015_0027_0027.jpg 1 56 15 27 27
1834_0061_0009_0026_0026.jpg 1 61 9 26 26
1835_0028_0016_0024_0024.jpg 1 28 16 24 24
1836_0025_0013_0027_0027.jpg 1 25 13 27 27
1837_0055_0002_0031_0031.jpg 1 55 2 31 31
1838_0057_0004_0026_0026.jpg 1 57 4 26 26
1839_0038_0016_0027_0027.jpg 1 38 16 27 27
1840_0015_0006_0024_0024.jpg 1 15 6 24 24
1841_0010_0018_0025_0025.jpg 1 10 18 25 25
1842_0032_0017_0025_0025.jpg 1 32 17 25 25
1843_0049_0008_0030_0030.jpg 1 49 8 30 30
1844_0023_0012_0029_0029.jpg 1 23 12 29 29
1845_0017_0012_0029_0029.jpg 1 17 12 29 29
1846_0030_0002_0030_0030.jpg 1 30 2 30 30
1847_0048_0012_0028_0028.jpg 1 48 12 28 28
1848_0038_0005_0029_0029.jpg 1 38 5 29 29
1849_0038_0013_0027_0027.jpg 1 38 13 27 27
1850_0043_0014_0028_0028.jpg 1 43 14 28 28
1851_0012_0012_0027_0027.jpg 1 12 12 27 27
1852_0024_0010_0028_0028.jpg 1 24 10 28 28
1853_0045_0009_0027_0027.jpg 1 45 9 27 27
1854_0035_0001_0031_0031.jpg 1 35 1 31 31
1855_0059_0011_0030_0030.jpg 1 59 11 30 30
1856_0039_0001_0027_0027.jpg 1 39 1 27 27
1857_0010_0007_0026_0026.jpg 1 10 7 26 26
1858_0060_0004_0030_0030.jpg 1 60 4 30 30
1859_0050_0008_0030_0030.jpg 1 50 8 30 30
1860_0023_0011_0031_0031.jpg 1 23 11 31 31
1861_0041_0015_0028_0028.jpg 1 41 15 28 28
1862_0038_0013_0030_0030.jpg 1 38 13 30 30
1863_0024_0011_0026_0026.jpg 1 24 11 26 26
1864_0031_0003_0029_0029.jpg 1 31 3 29 29
1865_0035_0003_0024_0024.jpg 1 35 3 24 24
1866_0045_0008_0029_0029.jpg 1 45 8 29 29
1867_0030_0017_0025_0025.jpg 1 30 17 25 25
1868_0008_0004_0028_0028.jpg 1 8 4 28 28
1869_0009_0013_0029_0029.jpg 1 9 13 29 29
1870_0044_0008_0025_0025.jpg 1 44 8 25 25
1871_0055_0008_0026_0026.jpg 1 55 8 26 26
1872_0045_0008_0029_0029.jpg 1 45 8 29 29
1873_0030_0002_0031_0031.jpg 1 30 2 31 31
1874_0058_0002_0029_0029.jpg 1 58 2 29 29
1875_0047_0006_0027_0027.jpg 1 47 6 27 27
1876_0056_0006_0032_0032.jpg 1 56 6 32 32
1877_0017_0004_0031_0031.jpg 1 17 4 31 31
1878_0025_0016_0026_0026.jpg 1 25 16 26 26
1879_0043_0007_0028_0028.jpg 1 43 7 28 28
1880_0059_0017_0024_0024.jpg 1 59 17 24 24
1881_0040_0008_0027_0027.jpg 1 40 8 27 27
1882_0033_0009_0028_0028.jpg 1 33 9 28 28
1883_0029_0010_0028_0028.jpg 1 29 10 28 28
1884_0030_0013_0030_0030.jpg 1 30 13 30 30
1885_0065_0007_0026_0026.jpg 1 65 7 26 26
1886_0049_0005_0026_0026.jpg 1 49 5 26 26
1887_0010_0003_0028_0028.jpg 1 10 3 28 28
1888_0008_0014_0029_0029.jpg 1 8 14 29 29
1889_0063_0006_0025_0025.jpg 1 63 6 25 25
1890_0041_0004_0030_0030.jpg 1 41 4 30 30
1891_0017_0012_0031_0031.jpg 1 17 12 31 31
1892_0023_0009_0025_0025.jpg 1 23 9 25 25
1893_0056_0001_0028_0028.jpg 1 56 1 28 28
1894_0040_0010_0024_0024.jpg 1 40 10 24 24
1895_0027_0010_0032_0032.jpg 1 27 10 32 32
1896_0040_0006_0029_0029.jpg 1 40 6 29 29
1897_0007_0004_0030_0030.jpg 1 7 4 30 30
1898_0020_0015_0026_0026.jpg 1 20 15 26 26
1899_0028_0015_0025_0025.jpg 1 28 15 25 25
1900_0061_0014_0028_0028.jpg 1 61 14 28 28
1901_0052_0002_0029_0029.jpg 1 52 2 29 29
1902_0051_0003_0024_0024.jpg 1 51 3 24 24
1903_0049_0014_0025_0025.jpg 1 49 14 25 25
1904_0016_0016_0025_0025.jpg 1 16 16 25 25
1905_0019_0008_0030_0030.jpg 1 19 8 30 30
1906_0032_0011_0030_0030.jpg 1 32 11 30 30
1907_0065_0014_0025_0025.jpg 1 65 14 25 25
1908_0059_0007_0029_0029.jpg 1 59 7 29 29
1909_0032_0019_0024_0024.jpg 1 32 19 24 24
1910_0037_0010_0026_0026.jpg 1 37 10 26 26
1911_0026_0013_0030_0030.jpg 1 26 13 30 30
1912_0011_0012_0030_0030.jpg 1 11 12 30 30
1913_0022_0011_0026_0026.jpg 1 22 11 26 26
1914_0054_0008_0032_0032.jpg 1 54 8 32 32
1915_0011_0005_0028_0028.jpg 1 11 5 28 28
1916_0016_0012_0032_0032.jpg 1 16 12 32 32
1917_0055_0012_0029_0029.jpg 1 55 12 29 29
1918_0043_0006_0028_0028.jpg 1 43 6 28 28
1919_0041_0002_0031_0031.jpg 1 41 2 31 31
1920_0028_0004_0026_0026.jpg 1 28 4 26 26
1921_0060_0007_0028_0028.jpg 1 60 7 28 28
1922_0008_0009_0029_0029.jpg 1 8 9 29 29
1923_0060_0014_0026_0026.jpg 1 60 14 26 26
1924_0048_0014_0030_0030.jpg 1 48 14 30 30
1925_0040_0009_0028_0028.jpg 1 40 9 28 28
1926_0024_0005_0029_0029.jpg 1 24 5 29 29
1927_0019_0003_0027_0027.jpg 1 19 3 27 27
1928_0016_0013_0030_0030.jpg 1 16 13 30 30
1929_0009_0017_0025_0025.jpg 1 9 17 25 25
1930_0011_0004_0028_0028.jpg 1 11 4 28 28
1931_0011_0002_0024_0024.jpg 1 11 2 24 24
1932_0055_0010_0024_0024.jpg 1 55 10 24 24
1933_0050_0007_0026_0026.jpg 1 50 7 26 26
1934_0009_0003_0026_0026.jpg 1 9 3 26 26
1935_0025_0007_0030_0030.jpg 1 25 7 30 30
1936_0036_0003_0030_0030.jpg 1 36 3 30 30
1937_0013_0003_0029_0029.jpg 1 13 3 29 29
1938_0033_0016_0024_0024.jpg 1 33 16 24 24
1939_0027_0010_0025_0025.jpg 1 27 10 25 25
1940_0042_0004_0029_0029.jpg 1 42 4 29 29
1941_0020_0004_0031_0031.jpg 1 20 4 31 31
1942_0053_0014_0027_0027.jpg 1 53 14 27 27
1943_0020_0009_0031_0031.jpg 1 20 9 31 31
1944_0035_0014_0028_0028.jpg 1 35 14 28 28
1945_0058_0016_0026_0026.jpg 1 58 16 26 26
1946_0021_0009_0025_0025.jpg 1 21 9 25 25
1947_0029_0011_0030_0030.jpg 1 29 11 30 30
1948_0031_0009_0030_0030.jpg 1 31 9 30 30
1949_0025_0011_0024_0024.jpg 1 25 11 24 24
1950_0032_0010_0027_0027.jpg 1 32 10 27 27
